   1              		.file	"URL_List.cpp"
   2              		.section	".text"
   3              	.Ltext0:
   4              		.align 2
   5              		.type	_ZL11ListComparePKvS0_, @function
   6              	_ZL11ListComparePKvS0_:
   7              	.LFB69:
   8              		.file 1 "d:/Projects/SaveGameManager/savegame-manager-gx/trunk/source/Network/URL_List.cpp"
   9              		.loc 1 138 0
  10              		.cfi_startproc
  11              	.LVL0:
  12 0000 7C0802A6 		mflr 0
  13 0004 9421FFF8 		stwu 1,-8(1)
  14              	.LCFI0:
  15              		.cfi_def_cfa_offset 8
  16              		.cfi_register 65, 0
  17 0008 9001000C 		stw 0,12(1)
  18              	.LBB2:
  19              		.loc 1 142 0
  20 000c 80630000 		lwz 3,0(3)
  21              	.LVL1:
  22 0010 80840000 		lwz 4,0(4)
  23              	.LVL2:
  24              		.cfi_offset 65, 4
  25 0014 48000001 		bl strcasecmp
  26              	.LBE2:
  27              		.loc 1 143 0
  28 0018 8001000C 		lwz 0,12(1)
  29 001c 38210008 		addi 1,1,8
  30              	.LCFI1:
  31              		.cfi_def_cfa_offset 0
  32 0020 7C0803A6 		mtlr 0
  33 0024 4E800020 		blr
  34              		.cfi_endproc
  35              	.LFE69:
  36              		.size	_ZL11ListComparePKvS0_, .-_ZL11ListComparePKvS0_
  37              		.align 2
  38              		.globl _ZN8URL_ListC2EPKc
  39              		.type	_ZN8URL_ListC2EPKc, @function
  40              	_ZN8URL_ListC2EPKc:
  41              	.LFB62:
  42              		.loc 1 13 0
  43              		.cfi_startproc
  44              	.LVL3:
  45 0028 9421FBD0 		stwu 1,-1072(1)
  46              	.LCFI2:
  47              		.cfi_def_cfa_offset 1072
  48 002c 7C0802A6 		mflr 0
  49 0030 93410418 		stw 26,1048(1)
  50              	.LBB3:
  51              		.loc 1 15 0
  52 0034 3B400000 		li 26,0
  53              		.cfi_offset 26, -24
  54              		.cfi_register 65, 0
  55              	.LBE3:
  56              		.loc 1 13 0
  57 0038 93810420 		stw 28,1056(1)
  58 003c 7C7C1B78 		mr 28,3
  59              		.cfi_offset 28, -16
  60 0040 93E1042C 		stw 31,1068(1)
  61 0044 7C9F2378 		mr 31,4
  62              		.cfi_offset 31, -4
  63 0048 90010434 		stw 0,1076(1)
  64 004c 93210414 		stw 25,1044(1)
  65 0050 9361041C 		stw 27,1052(1)
  66 0054 93A10424 		stw 29,1060(1)
  67 0058 93C10428 		stw 30,1064(1)
  68              	.LBB21:
  69              		.loc 1 15 0
  70 005c 93430004 		stw 26,4(3)
  71              		.loc 1 16 0
  72 0060 93430000 		stw 26,0(3)
  73              		.loc 1 18 0
  74              		.cfi_offset 30, -8
  75              		.cfi_offset 29, -12
  76              		.cfi_offset 27, -20
  77              		.cfi_offset 25, -28
  78              		.cfi_offset 65, 4
  79 0064 48000001 		bl _Z13IsNetworkInitv
  80              	.LVL4:
  81 0068 2F830000 		cmpwi 7,3,0
  82 006c 409E0038 		bne- 7,.L3
  83              		.loc 1 20 0
  84 0070 3800FFFF 		li 0,-1
  85 0074 901C0000 		stw 0,0(28)
  86              	.LVL5:
  87              	.L2:
  88              	.LBE21:
  89              		.loc 1 108 0
  90 0078 80010434 		lwz 0,1076(1)
  91 007c 83210414 		lwz 25,1044(1)
  92 0080 7C0803A6 		mtlr 0
  93 0084 83410418 		lwz 26,1048(1)
  94 0088 8361041C 		lwz 27,1052(1)
  95 008c 83810420 		lwz 28,1056(1)
  96              	.LVL6:
  97 0090 83A10424 		lwz 29,1060(1)
  98              	.LVL7:
  99 0094 83C10428 		lwz 30,1064(1)
 100 0098 83E1042C 		lwz 31,1068(1)
 101              	.LVL8:
 102 009c 38210430 		addi 1,1,1072
 103              		.cfi_remember_state
 104              	.LCFI3:
 105              		.cfi_def_cfa_offset 0
 106              		.cfi_restore 31
 107              		.cfi_restore 30
 108              		.cfi_restore 29
 109              		.cfi_restore 28
 110              		.cfi_restore 27
 111              		.cfi_restore 26
 112              		.cfi_restore 25
 113 00a0 4E800020 		blr
 114              	.LVL9:
 115              	.L3:
 116              	.LCFI4:
 117              		.cfi_restore_state
 118              	.LBB22:
 119              		.loc 1 24 0
 120 00a4 7FE3FB78 		mr 3,31
 121 00a8 48000001 		bl downloadfile
 122              		.loc 1 26 0
 123 00ac 7C9E2379 		mr. 30,4
 124              		.loc 1 24 0
 125 00b0 7C7D1B78 		mr 29,3
 126              	.LVL10:
 127              		.loc 1 26 0
 128 00b4 4182000C 		beq- 0,.L5
 129              		.loc 1 26 0 is_stmt 0 discriminator 1
 130 00b8 2F9D0000 		cmpwi 7,29,0
 131 00bc 409E0038 		bne- 7,.L6
 132              	.L5:
 133              		.loc 1 28 0 is_stmt 1
 134 00c0 3800FFFE 		li 0,-2
 135              	.LBE22:
 136              		.loc 1 108 0
 137 00c4 83210414 		lwz 25,1044(1)
 138              	.LBB23:
 139              		.loc 1 28 0
 140 00c8 901C0000 		stw 0,0(28)
 141              	.LBE23:
 142              		.loc 1 108 0
 143 00cc 80010434 		lwz 0,1076(1)
 144 00d0 83410418 		lwz 26,1048(1)
 145 00d4 7C0803A6 		mtlr 0
 146 00d8 8361041C 		lwz 27,1052(1)
 147 00dc 83810420 		lwz 28,1056(1)
 148              	.LVL11:
 149 00e0 83A10424 		lwz 29,1060(1)
 150              	.LVL12:
 151 00e4 83C10428 		lwz 30,1064(1)
 152 00e8 83E1042C 		lwz 31,1068(1)
 153              	.LVL13:
 154 00ec 38210430 		addi 1,1,1072
 155              		.cfi_remember_state
 156              		.cfi_restore 25
 157              		.cfi_restore 26
 158              		.cfi_restore 27
 159              		.cfi_restore 28
 160              		.cfi_restore 29
 161              		.cfi_restore 30
 162              		.cfi_restore 31
 163              	.LCFI5:
 164              		.cfi_def_cfa_offset 0
 165 00f0 4E800020 		blr
 166              	.LVL14:
 167              	.L6:
 168              	.LCFI6:
 169              		.cfi_restore_state
 170              	.LBB24:
 171              		.loc 1 35 0
 172 00f4 38600008 		li 3,8
 173              	.LVL15:
 174 00f8 48000001 		bl malloc
 175              	.LVL16:
 176              		.loc 1 36 0
 177 00fc 2F830000 		cmpwi 7,3,0
 178              		.loc 1 35 0
 179 0100 907C0004 		stw 3,4(28)
 180              		.loc 1 36 0
 181 0104 419E0210 		beq- 7,.L28
 182              		.loc 1 43 0
 183 0108 837C0000 		lwz 27,0(28)
 184              		.loc 1 32 0
 185 010c 3BE00000 		li 31,0
 186              	.LVL17:
 187              		.loc 1 43 0
 188 0110 57601838 		slwi 0,27,3
 189 0114 7D230214 		add 9,3,0
 190 0118 7F43012E 		stwx 26,3,0
 191 011c 93490004 		stw 26,4(9)
 192 0120 48000010 		b .L19
 193              	.LVL18:
 194              	.L8:
 195              	.LBB4:
 196              		.loc 1 104 0
 197 0124 3BFF0001 		addi 31,31,1
 198              	.LVL19:
 199              	.LBE4:
 200              		.loc 1 45 0
 201 0128 7F9DF840 		cmplw 7,29,31
 202 012c 409D01B4 		ble- 7,.L15
 203              	.LVL20:
 204              	.L19:
 205              	.LBB19:
 206              	.LBB5:
 207              		.loc 1 48 0
 208 0130 7C1EF8AE 		lbzx 0,30,31
 209 0134 2F800022 		cmpwi 7,0,34
 210 0138 409EFFEC 		bne+ 7,.L8
 211              		.loc 1 48 0 is_stmt 0 discriminator 1
 212 013c 7D3EFA14 		add 9,30,31
 213 0140 8809FFFF 		lbz 0,-1(9)
 214 0144 2F80003D 		cmpwi 7,0,61
 215 0148 409EFFDC 		bne+ 7,.L8
 216              		.loc 1 48 0 discriminator 2
 217 014c 8809FFFE 		lbz 0,-2(9)
 218 0150 2F800066 		cmpwi 7,0,102
 219 0154 409EFFD0 		bne+ 7,.L8
 220              		.loc 1 48 0 discriminator 3
 221 0158 8809FFFD 		lbz 0,-3(9)
 222 015c 2F800065 		cmpwi 7,0,101
 223 0160 409EFFC4 		bne+ 7,.L8
 224              		.loc 1 48 0 discriminator 4
 225 0164 8809FFFC 		lbz 0,-4(9)
 226 0168 2F800072 		cmpwi 7,0,114
 227 016c 409EFFB8 		bne+ 7,.L8
 228              		.loc 1 48 0 discriminator 5
 229 0170 8809FFFB 		lbz 0,-5(9)
 230 0174 2F800068 		cmpwi 7,0,104
 231 0178 409EFFAC 		bne+ 7,.L8
 232              	.LVL21:
 233              	.LBB6:
 234              		.loc 1 53 0 is_stmt 1
 235 017c 3BFF0001 		addi 31,31,1
 236              	.LVL22:
 237 0180 39600400 		li 11,1024
 238              		.loc 1 54 0
 239 0184 7C1EF8AE 		lbzx 0,30,31
 240 0188 3B400000 		li 26,0
 241 018c 39210008 		addi 9,1,8
 242 0190 7D6903A6 		mtctr 11
 243 0194 2F800022 		cmpwi 7,0,34
 244 0198 419E0020 		beq- 7,.L10
 245              	.LVL23:
 246              	.L26:
 247              		.loc 1 56 0 discriminator 5
 248 019c 7C09D1AE 		stbx 0,9,26
 249              		.loc 1 58 0 discriminator 5
 250 01a0 3BFF0001 		addi 31,31,1
 251              	.LVL24:
 252              		.loc 1 57 0 discriminator 5
 253 01a4 3B5A0001 		addi 26,26,1
 254              	.LVL25:
 255              		.loc 1 54 0 discriminator 5
 256 01a8 7C1EF8AE 		lbzx 0,30,31
 257 01ac 2F800022 		cmpwi 7,0,34
 258 01b0 419E0008 		beq- 7,.L10
 259              		.loc 1 54 0 is_stmt 0 discriminator 2
 260 01b4 4200FFE8 		bdnz .L26
 261              	.LVL26:
 262              	.L10:
 263              		.loc 1 60 0 is_stmt 1
 264 01b8 7D21D214 		add 9,1,26
 265 01bc 38000000 		li 0,0
 266              		.loc 1 62 0
 267 01c0 389B0001 		addi 4,27,1
 268 01c4 807C0004 		lwz 3,4(28)
 269              		.loc 1 60 0
 270 01c8 98090008 		stb 0,8(9)
 271              		.loc 1 62 0
 272 01cc 54841838 		slwi 4,4,3
 273 01d0 48000001 		bl realloc
 274              	.LBB7:
 275              		.loc 1 64 0
 276 01d4 2F830000 		cmpwi 7,3,0
 277              	.LBE7:
 278              		.loc 1 62 0
 279 01d8 907C0004 		stw 3,4(28)
 280              	.LBB10:
 281              		.loc 1 64 0
 282 01dc 419E00B0 		beq- 7,.L29
 283              	.LBE10:
 284              		.loc 1 78 0
 285 01e0 813C0000 		lwz 9,0(28)
 286 01e4 38000000 		li 0,0
 287              		.loc 1 80 0
 288 01e8 3B5A0001 		addi 26,26,1
 289              		.loc 1 78 0
 290 01ec 55291838 		slwi 9,9,3
 291 01f0 7D634A14 		add 11,3,9
 292 01f4 7C03492E 		stwx 0,3,9
 293 01f8 900B0004 		stw 0,4(11)
 294              		.loc 1 80 0
 295 01fc 7F43D378 		mr 3,26
 296 0200 837C0000 		lwz 27,0(28)
 297 0204 833C0004 		lwz 25,4(28)
 298 0208 48000001 		bl _Znaj
 299 020c 577B1838 		slwi 27,27,3
 300              	.LBB11:
 301              		.loc 1 82 0
 302 0210 813C0000 		lwz 9,0(28)
 303              	.LBE11:
 304              		.loc 1 80 0
 305 0214 7C79D92E 		stwx 3,25,27
 306              	.LBB14:
 307              		.loc 1 82 0
 308 0218 807C0004 		lwz 3,4(28)
 309 021c 55201838 		slwi 0,9,3
 310 0220 7C03002E 		lwzx 0,3,0
 311 0224 2F800000 		cmpwi 7,0,0
 312 0228 419E0100 		beq- 7,.L30
 313              	.LBE14:
 314              		.loc 1 96 0
 315 022c 3CA00000 		lis 5,.LC0@ha
 316 0230 7F44D378 		mr 4,26
 317 0234 38A50000 		la 5,.LC0@l(5)
 318 0238 38C10008 		addi 6,1,8
 319 023c 7C030378 		mr 3,0
 320 0240 4CC63182 		crxor 6,6,6
 321 0244 48000001 		bl snprintf
 322              		.loc 1 98 0
 323 0248 837C0000 		lwz 27,0(28)
 324 024c 813C0004 		lwz 9,4(28)
 325 0250 3C800000 		lis 4,.LC1@ha
 326 0254 57601838 		slwi 0,27,3
 327 0258 38840004 		la 4,.LC1@l(4)
 328 025c 7C69002E 		lwzx 3,9,0
 329 0260 38A00007 		li 5,7
 330 0264 7D290214 		add 9,9,0
 331              		.loc 1 102 0
 332 0268 3B7B0001 		addi 27,27,1
 333              		.loc 1 98 0
 334 026c 91210408 		stw 9,1032(1)
 335 0270 48000001 		bl strncmp
 336              		.loc 1 13 0
 337 0274 7C630034 		cntlzw 3,3
 338 0278 81210408 		lwz 9,1032(1)
 339 027c 5463D97E 		srwi 3,3,5
 340 0280 98690004 		stb 3,4(9)
 341              		.loc 1 102 0
 342 0284 937C0000 		stw 27,0(28)
 343 0288 4BFFFE9C 		b .L8
 344              	.L29:
 345              	.LVL27:
 346              	.LBB15:
 347              	.LBB8:
 348              	.LBB9:
 349              		.loc 1 66 0 discriminator 1
 350 028c 801C0000 		lwz 0,0(28)
 351 0290 2F800000 		cmpwi 7,0,0
 352 0294 409E0030 		bne- 7,.L13
 353              		.loc 1 66 0 is_stmt 0
 354 0298 3BE00000 		li 31,0
 355              	.LVL28:
 356              	.L14:
 357              		.loc 1 68 0 is_stmt 1 discriminator 2
 358 029c 57FD1838 		slwi 29,31,3
 359              	.LVL29:
 360 02a0 7C63E82E 		lwzx 3,3,29
 361 02a4 48000001 		bl _ZdlPv
 362              		.loc 1 66 0 discriminator 2
 363 02a8 381F0001 		addi 0,31,1
 364              	.LVL30:
 365 02ac 83FC0000 		lwz 31,0(28)
 366              		.loc 1 69 0 discriminator 2
 367 02b0 807C0004 		lwz 3,4(28)
 368              		.loc 1 66 0 discriminator 2
 369 02b4 7F9F0000 		cmpw 7,31,0
 370              		.loc 1 69 0 discriminator 2
 371 02b8 38000000 		li 0,0
 372              	.LVL31:
 373 02bc 7C03E92E 		stwx 0,3,29
 374              		.loc 1 66 0 discriminator 2
 375 02c0 419EFFDC 		beq+ 7,.L14
 376              	.LVL32:
 377              	.L13:
 378              	.LBE9:
 379              		.loc 1 71 0
 380 02c4 48000001 		bl free
 381              		.loc 1 72 0
 382 02c8 38000000 		li 0,0
 383 02cc 901C0004 		stw 0,4(28)
 384              		.loc 1 73 0
 385 02d0 7FC3F378 		mr 3,30
 386 02d4 48000001 		bl free
 387              		.loc 1 74 0
 388 02d8 3800FFFC 		li 0,-4
 389 02dc 901C0000 		stw 0,0(28)
 390              	.L15:
 391              	.LBE8:
 392              	.LBE15:
 393              	.LBE6:
 394              	.LBE5:
 395              	.LBE19:
 396              		.loc 1 107 0
 397 02e0 7FC3F378 		mr 3,30
 398 02e4 48000001 		bl free
 399              	.LBE24:
 400              		.loc 1 108 0
 401 02e8 80010434 		lwz 0,1076(1)
 402 02ec 83210414 		lwz 25,1044(1)
 403 02f0 7C0803A6 		mtlr 0
 404 02f4 83410418 		lwz 26,1048(1)
 405 02f8 8361041C 		lwz 27,1052(1)
 406 02fc 83810420 		lwz 28,1056(1)
 407              	.LVL33:
 408 0300 83A10424 		lwz 29,1060(1)
 409              	.LVL34:
 410 0304 83C10428 		lwz 30,1064(1)
 411              	.LVL35:
 412 0308 83E1042C 		lwz 31,1068(1)
 413 030c 38210430 		addi 1,1,1072
 414              		.cfi_remember_state
 415              		.cfi_restore 25
 416              		.cfi_restore 26
 417              		.cfi_restore 27
 418              		.cfi_restore 28
 419              		.cfi_restore 29
 420              		.cfi_restore 30
 421              		.cfi_restore 31
 422              	.LCFI7:
 423              		.cfi_def_cfa_offset 0
 424 0310 4E800020 		blr
 425              	.LVL36:
 426              	.L28:
 427              	.LCFI8:
 428              		.cfi_restore_state
 429              	.LBB25:
 430              		.loc 1 38 0
 431 0314 7FC3F378 		mr 3,30
 432 0318 48000001 		bl free
 433              		.loc 1 39 0
 434 031c 3800FFFD 		li 0,-3
 435 0320 901C0000 		stw 0,0(28)
 436              		.loc 1 40 0
 437 0324 4BFFFD54 		b .L2
 438              	.LVL37:
 439              	.L30:
 440              	.LBB20:
 441              	.LBB18:
 442              	.LBB17:
 443              	.LBB16:
 444              	.LBB12:
 445              	.LBB13:
 446              		.loc 1 84 0 discriminator 1
 447 0328 2F890000 		cmpwi 7,9,0
 448 032c 409E0030 		bne- 7,.L17
 449              		.loc 1 84 0 is_stmt 0
 450 0330 3BE00000 		li 31,0
 451              	.LVL38:
 452              	.L18:
 453              		.loc 1 86 0 is_stmt 1 discriminator 2
 454 0334 57FD1838 		slwi 29,31,3
 455              	.LVL39:
 456 0338 7C63E82E 		lwzx 3,3,29
 457 033c 48000001 		bl _ZdlPv
 458              		.loc 1 84 0 discriminator 2
 459 0340 381F0001 		addi 0,31,1
 460              	.LVL40:
 461 0344 83FC0000 		lwz 31,0(28)
 462              		.loc 1 87 0 discriminator 2
 463 0348 807C0004 		lwz 3,4(28)
 464              		.loc 1 84 0 discriminator 2
 465 034c 7F9F0000 		cmpw 7,31,0
 466              		.loc 1 87 0 discriminator 2
 467 0350 38000000 		li 0,0
 468              	.LVL41:
 469 0354 7C03E92E 		stwx 0,3,29
 470              		.loc 1 84 0 discriminator 2
 471 0358 419EFFDC 		beq+ 7,.L18
 472              	.LVL42:
 473              	.L17:
 474              	.LBE13:
 475              		.loc 1 89 0
 476 035c 48000001 		bl free
 477              		.loc 1 90 0
 478 0360 38000000 		li 0,0
 479 0364 901C0004 		stw 0,4(28)
 480              		.loc 1 91 0
 481 0368 7FC3F378 		mr 3,30
 482 036c 48000001 		bl free
 483              		.loc 1 92 0
 484 0370 3800FFFB 		li 0,-5
 485 0374 901C0000 		stw 0,0(28)
 486              		.loc 1 93 0
 487 0378 4BFFFF68 		b .L15
 488              	.LBE12:
 489              	.LBE16:
 490              	.LBE17:
 491              	.LBE18:
 492              	.LBE20:
 493              	.LBE25:
 494              		.cfi_endproc
 495              	.LFE62:
 496              		.size	_ZN8URL_ListC2EPKc, .-_ZN8URL_ListC2EPKc
 497              		.align 2
 498              		.globl _ZN8URL_ListD2Ev
 499              		.type	_ZN8URL_ListD2Ev, @function
 500              	_ZN8URL_ListD2Ev:
 501              	.LFB65:
 502              		.loc 1 110 0
 503              		.cfi_startproc
 504              	.LVL43:
 505 037c 7C0802A6 		mflr 0
 506 0380 9421FFE8 		stwu 1,-24(1)
 507              	.LCFI9:
 508              		.cfi_def_cfa_offset 24
 509              		.cfi_register 65, 0
 510 0384 93A1000C 		stw 29,12(1)
 511 0388 7C7D1B78 		mr 29,3
 512              		.cfi_offset 29, -12
 513 038c 9001001C 		stw 0,28(1)
 514 0390 93E10014 		stw 31,20(1)
 515              	.LBB26:
 516              	.LBB27:
 517              		.loc 1 112 0
 518 0394 3BE00000 		li 31,0
 519              		.cfi_offset 31, -4
 520              		.cfi_offset 65, 4
 521 0398 80030000 		lwz 0,0(3)
 522              	.LBE27:
 523              	.LBE26:
 524              		.loc 1 110 0
 525 039c 93C10010 		stw 30,16(1)
 526              	.LBB29:
 527              	.LBB28:
 528              		.loc 1 112 0
 529 03a0 2F800000 		cmpwi 7,0,0
 530 03a4 80630004 		lwz 3,4(3)
 531              	.LVL44:
 532 03a8 409E002C 		bne- 7,.L33
 533              		.cfi_offset 30, -8
 534              	.LVL45:
 535              	.L34:
 536              		.loc 1 114 0 discriminator 2
 537 03ac 57FE1838 		slwi 30,31,3
 538 03b0 7C63F02E 		lwzx 3,3,30
 539 03b4 48000001 		bl _ZdlPv
 540              		.loc 1 112 0 discriminator 2
 541 03b8 381F0001 		addi 0,31,1
 542              	.LVL46:
 543 03bc 83FD0000 		lwz 31,0(29)
 544              		.loc 1 115 0 discriminator 2
 545 03c0 807D0004 		lwz 3,4(29)
 546              		.loc 1 112 0 discriminator 2
 547 03c4 7F9F0000 		cmpw 7,31,0
 548              		.loc 1 115 0 discriminator 2
 549 03c8 38000000 		li 0,0
 550              	.LVL47:
 551 03cc 7C03F12E 		stwx 0,3,30
 552              		.loc 1 112 0 discriminator 2
 553 03d0 419EFFDC 		beq+ 7,.L34
 554              	.L33:
 555              	.LBE28:
 556              		.loc 1 118 0
 557 03d4 2F830000 		cmpwi 7,3,0
 558 03d8 419E0010 		beq- 7,.L31
 559              		.loc 1 120 0
 560 03dc 48000001 		bl free
 561              		.loc 1 121 0
 562 03e0 38000000 		li 0,0
 563 03e4 901D0004 		stw 0,4(29)
 564              	.L31:
 565              	.LBE29:
 566              		.loc 1 123 0
 567 03e8 8001001C 		lwz 0,28(1)
 568 03ec 83A1000C 		lwz 29,12(1)
 569              	.LVL48:
 570 03f0 7C0803A6 		mtlr 0
 571 03f4 83C10010 		lwz 30,16(1)
 572 03f8 83E10014 		lwz 31,20(1)
 573 03fc 38210018 		addi 1,1,24
 574              	.LCFI10:
 575              		.cfi_def_cfa_offset 0
 576              		.cfi_restore 31
 577              		.cfi_restore 30
 578              		.cfi_restore 29
 579 0400 4E800020 		blr
 580              		.cfi_endproc
 581              	.LFE65:
 582              		.size	_ZN8URL_ListD2Ev, .-_ZN8URL_ListD2Ev
 583              		.align 2
 584              		.globl _ZN8URL_List6GetURLEi
 585              		.type	_ZN8URL_List6GetURLEi, @function
 586              	_ZN8URL_List6GetURLEi:
 587              	.LFB67:
 588              		.loc 1 126 0
 589              		.cfi_startproc
 590              	.LVL49:
 591              		.loc 1 127 0
 592 0404 80030000 		lwz 0,0(3)
 593              		.loc 1 126 0
 594 0408 7C691B78 		mr 9,3
 595              		.loc 1 128 0
 596 040c 38600000 		li 3,0
 597              	.LVL50:
 598              		.loc 1 127 0
 599 0410 7F802000 		cmpw 7,0,4
 600 0414 4D9C0020 		bltlr- 7
 601              		.loc 1 127 0 is_stmt 0 discriminator 1
 602 0418 2F840000 		cmpwi 7,4,0
 603 041c 4D9C0020 		bltlr- 7
 604              		.loc 1 127 0 discriminator 2
 605 0420 81290004 		lwz 9,4(9)
 606              	.LVL51:
 607 0424 2F890000 		cmpwi 7,9,0
 608 0428 4D9E0020 		beqlr- 7
 609              		.loc 1 127 0 discriminator 3
 610 042c 2F800000 		cmpwi 7,0,0
 611 0430 4C9D0020 		blelr- 7
 612              		.loc 1 129 0 is_stmt 1
 613 0434 54841838 		slwi 4,4,3
 614              	.LVL52:
 615 0438 7C69202E 		lwzx 3,9,4
 616              		.loc 1 130 0
 617 043c 4E800020 		blr
 618              		.cfi_endproc
 619              	.LFE67:
 620              		.size	_ZN8URL_List6GetURLEi, .-_ZN8URL_List6GetURLEi
 621              		.align 2
 622              		.globl _ZN8URL_List11GetURLCountEv
 623              		.type	_ZN8URL_List11GetURLCountEv, @function
 624              	_ZN8URL_List11GetURLCountEv:
 625              	.LFB68:
 626              		.loc 1 133 0
 627              		.cfi_startproc
 628              	.LVL53:
 629              		.loc 1 135 0
 630 0440 80630000 		lwz 3,0(3)
 631              	.LVL54:
 632 0444 4E800020 		blr
 633              		.cfi_endproc
 634              	.LFE68:
 635              		.size	_ZN8URL_List11GetURLCountEv, .-_ZN8URL_List11GetURLCountEv
 636              		.align 2
 637              		.globl _ZN8URL_List8SortListEv
 638              		.type	_ZN8URL_List8SortListEv, @function
 639              	_ZN8URL_List8SortListEv:
 640              	.LFB70:
 641              		.loc 1 145 0
 642              		.cfi_startproc
 643              	.LVL55:
 644 0448 7C0802A6 		mflr 0
 645 044c 9421FFF8 		stwu 1,-8(1)
 646              	.LCFI11:
 647              		.cfi_def_cfa_offset 8
 648              		.cfi_register 65, 0
 649 0450 7C691B78 		mr 9,3
 650              		.loc 1 146 0
 651 0454 3CC00000 		lis 6,_ZL11ListComparePKvS0_@ha
 652 0458 38A00008 		li 5,8
 653 045c 38C60000 		la 6,_ZL11ListComparePKvS0_@l(6)
 654              		.loc 1 145 0
 655 0460 9001000C 		stw 0,12(1)
 656              		.loc 1 146 0
 657 0464 80630004 		lwz 3,4(3)
 658              	.LVL56:
 659 0468 80890000 		lwz 4,0(9)
 660              		.cfi_offset 65, 4
 661 046c 48000001 		bl qsort
 662              	.LVL57:
 663              		.loc 1 147 0
 664 0470 8001000C 		lwz 0,12(1)
 665 0474 38210008 		addi 1,1,8
 666              	.LCFI12:
 667              		.cfi_def_cfa_offset 0
 668 0478 7C0803A6 		mtlr 0
 669 047c 4E800020 		blr
 670              		.cfi_endproc
 671              	.LFE70:
 672              		.size	_ZN8URL_List8SortListEv, .-_ZN8URL_List8SortListEv
 673              		.globl _ZN8URL_ListC1EPKc
 674              		.set	_ZN8URL_ListC1EPKc,_ZN8URL_ListC2EPKc
 675              		.globl _ZN8URL_ListD1Ev
 676              		.set	_ZN8URL_ListD1Ev,_ZN8URL_ListD2Ev
 677              		.section	.rodata.str1.4,"aMS",@progbits,1
 678              		.align 2
 679              	.LC0:
 680 0000 257300   		.string	"%s"
 681 0003 00       		.zero	1
 682              	.LC1:
 683 0004 68747470 		.string	"http://"
 683      3A2F2F00 
 684              		.section	".text"
 685              	.Letext0:
 686              		.file 2 "d:\\devkitpro\\devkitppc\\bin\\../lib/gcc/powerpc-eabi/4.6.3/../../../../powerpc-eabi/inc
 687              		.file 3 "d:/devkitPro/libogc/include/gctypes.h"
 688              		.file 4 "d:/devkitPro/libogc/include/ogc/gx.h"
 689              		.file 5 "d:/Projects/SaveGameManager/savegame-manager-gx/trunk/source/Network/http.h"
 690              		.file 6 "d:/Projects/SaveGameManager/savegame-manager-gx/trunk/source/Network/URL_List.h"
 691              		.section	.debug_info,"",@progbits
 692              	.Ldebug_info0:
 693 0000 000005C4 		.4byte	0x5c4
 694 0004 0002     		.2byte	0x2
 695 0006 00000000 		.4byte	.Ldebug_abbrev0
 696 000a 04       		.byte	0x4
 697 000b 01       		.uleb128 0x1
 698 000c 00000093 		.4byte	.LASF45
 699 0010 04       		.byte	0x4
 700 0011 00000007 		.4byte	.LASF46
 701 0015 000000B3 		.4byte	.LASF47
 702 0019 00000000 		.4byte	.Ltext0
 703 001d 00000480 		.4byte	.Letext0
 704 0021 00000000 		.4byte	.Ldebug_line0
 705 0025 02       		.uleb128 0x2
 706 0026 04       		.byte	0x4
 707 0027 07       		.byte	0x7
 708 0028 000001A3 		.4byte	.LASF0
 709 002c 02       		.uleb128 0x2
 710 002d 01       		.byte	0x1
 711 002e 08       		.byte	0x8
 712 002f 00000164 		.4byte	.LASF1
 713 0033 02       		.uleb128 0x2
 714 0034 02       		.byte	0x2
 715 0035 07       		.byte	0x7
 716 0036 000001F4 		.4byte	.LASF2
 717 003a 02       		.uleb128 0x2
 718 003b 01       		.byte	0x1
 719 003c 06       		.byte	0x6
 720 003d 00000177 		.4byte	.LASF3
 721 0041 02       		.uleb128 0x2
 722 0042 02       		.byte	0x2
 723 0043 05       		.byte	0x5
 724 0044 00000089 		.4byte	.LASF4
 725 0048 03       		.uleb128 0x3
 726 0049 04       		.byte	0x4
 727 004a 05       		.byte	0x5
 728 004b 696E7400 		.string	"int"
 729 004f 02       		.uleb128 0x2
 730 0050 08       		.byte	0x8
 731 0051 05       		.byte	0x5
 732 0052 0000011F 		.4byte	.LASF5
 733 0056 02       		.uleb128 0x2
 734 0057 08       		.byte	0x8
 735 0058 07       		.byte	0x7
 736 0059 00000183 		.4byte	.LASF6
 737 005d 02       		.uleb128 0x2
 738 005e 04       		.byte	0x4
 739 005f 07       		.byte	0x7
 740 0060 0000022F 		.4byte	.LASF7
 741 0064 04       		.uleb128 0x4
 742 0065 04       		.byte	0x4
 743 0066 0000002C 		.4byte	0x2c
 744 006a 04       		.uleb128 0x4
 745 006b 04       		.byte	0x4
 746 006c 00000070 		.4byte	0x70
 747 0070 02       		.uleb128 0x2
 748 0071 01       		.byte	0x1
 749 0072 08       		.byte	0x8
 750 0073 000001E0 		.4byte	.LASF8
 751 0077 04       		.uleb128 0x4
 752 0078 04       		.byte	0x4
 753 0079 0000007D 		.4byte	0x7d
 754 007d 05       		.uleb128 0x5
 755 007e 00000070 		.4byte	0x70
 756 0082 02       		.uleb128 0x2
 757 0083 04       		.byte	0x4
 758 0084 05       		.byte	0x5
 759 0085 0000012D 		.4byte	.LASF9
 760 0089 06       		.uleb128 0x6
 761 008a 00000072 		.4byte	.LASF10
 762 008e 02       		.byte	0x2
 763 008f 29       		.byte	0x29
 764 0090 0000003A 		.4byte	0x3a
 765 0094 06       		.uleb128 0x6
 766 0095 000000F4 		.4byte	.LASF11
 767 0099 02       		.byte	0x2
 768 009a 2A       		.byte	0x2a
 769 009b 0000002C 		.4byte	0x2c
 770 009f 06       		.uleb128 0x6
 771 00a0 00000211 		.4byte	.LASF12
 772 00a4 02       		.byte	0x2
 773 00a5 35       		.byte	0x35
 774 00a6 00000041 		.4byte	0x41
 775 00aa 06       		.uleb128 0x6
 776 00ab 000001B0 		.4byte	.LASF13
 777 00af 02       		.byte	0x2
 778 00b0 36       		.byte	0x36
 779 00b1 00000033 		.4byte	0x33
 780 00b5 06       		.uleb128 0x6
 781 00b6 000001E5 		.4byte	.LASF14
 782 00ba 02       		.byte	0x2
 783 00bb 4F       		.byte	0x4f
 784 00bc 00000048 		.4byte	0x48
 785 00c0 06       		.uleb128 0x6
 786 00c1 0000019A 		.4byte	.LASF15
 787 00c5 02       		.byte	0x2
 788 00c6 50       		.byte	0x50
 789 00c7 00000025 		.4byte	0x25
 790 00cb 07       		.uleb128 0x7
 791 00cc 753800   		.string	"u8"
 792 00cf 03       		.byte	0x3
 793 00d0 11       		.byte	0x11
 794 00d1 00000094 		.4byte	0x94
 795 00d5 07       		.uleb128 0x7
 796 00d6 75313600 		.string	"u16"
 797 00da 03       		.byte	0x3
 798 00db 12       		.byte	0x12
 799 00dc 000000AA 		.4byte	0xaa
 800 00e0 07       		.uleb128 0x7
 801 00e1 75333200 		.string	"u32"
 802 00e5 03       		.byte	0x3
 803 00e6 13       		.byte	0x13
 804 00e7 000000C0 		.4byte	0xc0
 805 00eb 07       		.uleb128 0x7
 806 00ec 733800   		.string	"s8"
 807 00ef 03       		.byte	0x3
 808 00f0 16       		.byte	0x16
 809 00f1 00000089 		.4byte	0x89
 810 00f5 07       		.uleb128 0x7
 811 00f6 73313600 		.string	"s16"
 812 00fa 03       		.byte	0x3
 813 00fb 17       		.byte	0x17
 814 00fc 0000009F 		.4byte	0x9f
 815 0100 07       		.uleb128 0x7
 816 0101 73333200 		.string	"s32"
 817 0105 03       		.byte	0x3
 818 0106 18       		.byte	0x18
 819 0107 000000B5 		.4byte	0xb5
 820 010b 07       		.uleb128 0x7
 821 010c 76753800 		.string	"vu8"
 822 0110 03       		.byte	0x3
 823 0111 1B       		.byte	0x1b
 824 0112 00000116 		.4byte	0x116
 825 0116 08       		.uleb128 0x8
 826 0117 000000CB 		.4byte	0xcb
 827 011b 06       		.uleb128 0x6
 828 011c 00000172 		.4byte	.LASF16
 829 0120 03       		.byte	0x3
 830 0121 1C       		.byte	0x1c
 831 0122 00000126 		.4byte	0x126
 832 0126 08       		.uleb128 0x8
 833 0127 000000D5 		.4byte	0xd5
 834 012b 06       		.uleb128 0x6
 835 012c 000001DB 		.4byte	.LASF17
 836 0130 03       		.byte	0x3
 837 0131 1D       		.byte	0x1d
 838 0132 00000136 		.4byte	0x136
 839 0136 08       		.uleb128 0x8
 840 0137 000000E0 		.4byte	0xe0
 841 013b 07       		.uleb128 0x7
 842 013c 76733800 		.string	"vs8"
 843 0140 03       		.byte	0x3
 844 0141 20       		.byte	0x20
 845 0142 00000146 		.4byte	0x146
 846 0146 08       		.uleb128 0x8
 847 0147 000000EB 		.4byte	0xeb
 848 014b 06       		.uleb128 0x6
 849 014c 0000024B 		.4byte	.LASF18
 850 0150 03       		.byte	0x3
 851 0151 21       		.byte	0x21
 852 0152 00000156 		.4byte	0x156
 853 0156 08       		.uleb128 0x8
 854 0157 000000F5 		.4byte	0xf5
 855 015b 06       		.uleb128 0x6
 856 015c 00000255 		.4byte	.LASF19
 857 0160 03       		.byte	0x3
 858 0161 22       		.byte	0x22
 859 0162 00000166 		.4byte	0x166
 860 0166 08       		.uleb128 0x8
 861 0167 00000100 		.4byte	0x100
 862 016b 02       		.uleb128 0x2
 863 016c 04       		.byte	0x4
 864 016d 04       		.byte	0x4
 865 016e 00000119 		.4byte	.LASF20
 866 0172 02       		.uleb128 0x2
 867 0173 08       		.byte	0x8
 868 0174 04       		.byte	0x4
 869 0175 0000028F 		.4byte	.LASF21
 870 0179 06       		.uleb128 0x6
 871 017a 00000246 		.4byte	.LASF22
 872 017e 03       		.byte	0x3
 873 017f 2E       		.byte	0x2e
 874 0180 00000184 		.4byte	0x184
 875 0184 08       		.uleb128 0x8
 876 0185 0000016B 		.4byte	0x16b
 877 0189 02       		.uleb128 0x2
 878 018a 01       		.byte	0x1
 879 018b 02       		.byte	0x2
 880 018c 00000114 		.4byte	.LASF23
 881 0190 04       		.uleb128 0x4
 882 0191 04       		.byte	0x4
 883 0192 00000196 		.4byte	0x196
 884 0196 09       		.uleb128 0x9
 885 0197 0A       		.uleb128 0xa
 886 0198 00000060 		.4byte	.LASF48
 887 019c 04       		.byte	0x4
 888 019d 04       		.byte	0x4
 889 019e 0490     		.2byte	0x490
 890 01a0 000001F7 		.4byte	0x1f7
 891 01a4 0B       		.uleb128 0xb
 892 01a5 553800   		.string	"U8"
 893 01a8 04       		.byte	0x4
 894 01a9 0492     		.2byte	0x492
 895 01ab 0000010B 		.4byte	0x10b
 896 01af 0B       		.uleb128 0xb
 897 01b0 533800   		.string	"S8"
 898 01b3 04       		.byte	0x4
 899 01b4 0493     		.2byte	0x493
 900 01b6 0000013B 		.4byte	0x13b
 901 01ba 0B       		.uleb128 0xb
 902 01bb 55313600 		.string	"U16"
 903 01bf 04       		.byte	0x4
 904 01c0 0494     		.2byte	0x494
 905 01c2 0000011B 		.4byte	0x11b
 906 01c6 0B       		.uleb128 0xb
 907 01c7 53313600 		.string	"S16"
 908 01cb 04       		.byte	0x4
 909 01cc 0495     		.2byte	0x495
 910 01ce 0000014B 		.4byte	0x14b
 911 01d2 0B       		.uleb128 0xb
 912 01d3 55333200 		.string	"U32"
 913 01d7 04       		.byte	0x4
 914 01d8 0496     		.2byte	0x496
 915 01da 0000012B 		.4byte	0x12b
 916 01de 0B       		.uleb128 0xb
 917 01df 53333200 		.string	"S32"
 918 01e3 04       		.byte	0x4
 919 01e4 0497     		.2byte	0x497
 920 01e6 0000015B 		.4byte	0x15b
 921 01ea 0B       		.uleb128 0xb
 922 01eb 46333200 		.string	"F32"
 923 01ef 04       		.byte	0x4
 924 01f0 0498     		.2byte	0x498
 925 01f2 00000179 		.4byte	0x179
 926 01f6 00       		.byte	0
 927 01f7 0C       		.uleb128 0xc
 928 01f8 00000059 		.4byte	.LASF24
 929 01fc 04       		.byte	0x4
 930 01fd 0499     		.2byte	0x499
 931 01ff 00000197 		.4byte	0x197
 932 0203 0D       		.uleb128 0xd
 933 0204 0000025A 		.4byte	.LASF49
 934 0208 08       		.byte	0x8
 935 0209 05       		.byte	0x5
 936 020a 13       		.byte	0x13
 937 020b 0000022C 		.4byte	0x22c
 938 020f 0E       		.uleb128 0xe
 939 0210 00000250 		.4byte	.LASF25
 940 0214 05       		.byte	0x5
 941 0215 15       		.byte	0x15
 942 0216 000000E0 		.4byte	0xe0
 943 021a 02       		.byte	0x2
 944 021b 23       		.byte	0x23
 945 021c 00       		.uleb128 0
 946 021d 0E       		.uleb128 0xe
 947 021e 0000021E 		.4byte	.LASF26
 948 0222 05       		.byte	0x5
 949 0223 16       		.byte	0x16
 950 0224 00000064 		.4byte	0x64
 951 0228 02       		.byte	0x2
 952 0229 23       		.byte	0x23
 953 022a 04       		.uleb128 0x4
 954 022b 00       		.byte	0
 955 022c 0F       		.uleb128 0xf
 956 022d 08       		.byte	0x8
 957 022e 06       		.byte	0x6
 958 022f 0D       		.byte	0xd
 959 0230 00000079 		.4byte	.LASF50
 960 0234 00000255 		.4byte	0x255
 961 0238 10       		.uleb128 0x10
 962 0239 55524C00 		.string	"URL"
 963 023d 06       		.byte	0x6
 964 023e 0E       		.byte	0xe
 965 023f 0000006A 		.4byte	0x6a
 966 0243 02       		.byte	0x2
 967 0244 23       		.byte	0x23
 968 0245 00       		.uleb128 0
 969 0246 0E       		.uleb128 0xe
 970 0247 000000A6 		.4byte	.LASF27
 971 024b 06       		.byte	0x6
 972 024c 0F       		.byte	0xf
 973 024d 00000189 		.4byte	0x189
 974 0251 02       		.byte	0x2
 975 0252 23       		.byte	0x23
 976 0253 04       		.uleb128 0x4
 977 0254 00       		.byte	0
 978 0255 06       		.uleb128 0x6
 979 0256 00000068 		.4byte	.LASF28
 980 025a 06       		.byte	0x6
 981 025b 10       		.byte	0x10
 982 025c 0000022C 		.4byte	0x22c
 983 0260 11       		.uleb128 0x11
 984 0261 00000136 		.4byte	.LASF31
 985 0265 08       		.byte	0x8
 986 0266 06       		.byte	0x6
 987 0267 12       		.byte	0x12
 988 0268 00000348 		.4byte	0x348
 989 026c 12       		.uleb128 0x12
 990 026d 0000026A 		.4byte	.LASF29
 991 0271 06       		.byte	0x6
 992 0272 24       		.byte	0x24
 993 0273 00000048 		.4byte	0x48
 994 0277 02       		.byte	0x2
 995 0278 23       		.byte	0x23
 996 0279 00       		.uleb128 0
 997 027a 02       		.byte	0x2
 998 027b 12       		.uleb128 0x12
 999 027c 000000AD 		.4byte	.LASF30
 1000 0280 06       		.byte	0x6
 1001 0281 25       		.byte	0x25
 1002 0282 00000348 		.4byte	0x348
 1003 0286 02       		.byte	0x2
 1004 0287 23       		.byte	0x23
 1005 0288 04       		.uleb128 0x4
 1006 0289 02       		.byte	0x2
 1007 028a 13       		.uleb128 0x13
 1008 028b 01       		.byte	0x1
 1009 028c 00000136 		.4byte	.LASF31
 1010 0290 06       		.byte	0x6
 1011 0291 17       		.byte	0x17
 1012 0292 01       		.byte	0x1
 1013 0293 0000029B 		.4byte	0x29b
 1014 0297 000002A7 		.4byte	0x2a7
 1015 029b 14       		.uleb128 0x14
 1016 029c 0000034E 		.4byte	0x34e
 1017 02a0 01       		.byte	0x1
 1018 02a1 15       		.uleb128 0x15
 1019 02a2 00000077 		.4byte	0x77
 1020 02a6 00       		.byte	0
 1021 02a7 13       		.uleb128 0x13
 1022 02a8 01       		.byte	0x1
 1023 02a9 00000260 		.4byte	.LASF32
 1024 02ad 06       		.byte	0x6
 1025 02ae 19       		.byte	0x19
 1026 02af 01       		.byte	0x1
 1027 02b0 000002B8 		.4byte	0x2b8
 1028 02b4 000002C5 		.4byte	0x2c5
 1029 02b8 14       		.uleb128 0x14
 1030 02b9 0000034E 		.4byte	0x34e
 1031 02bd 01       		.byte	0x1
 1032 02be 14       		.uleb128 0x14
 1033 02bf 00000048 		.4byte	0x48
 1034 02c3 01       		.byte	0x1
 1035 02c4 00       		.byte	0
 1036 02c5 16       		.uleb128 0x16
 1037 02c6 01       		.byte	0x1
 1038 02c7 000001ED 		.4byte	.LASF33
 1039 02cb 06       		.byte	0x6
 1040 02cc 1C       		.byte	0x1c
 1041 02cd 000001C5 		.4byte	.LASF35
 1042 02d1 0000006A 		.4byte	0x6a
 1043 02d5 01       		.byte	0x1
 1044 02d6 000002DE 		.4byte	0x2de
 1045 02da 000002EA 		.4byte	0x2ea
 1046 02de 14       		.uleb128 0x14
 1047 02df 0000034E 		.4byte	0x34e
 1048 02e3 01       		.byte	0x1
 1049 02e4 15       		.uleb128 0x15
 1050 02e5 00000048 		.4byte	0x48
 1051 02e9 00       		.byte	0
 1052 02ea 16       		.uleb128 0x16
 1053 02eb 01       		.byte	0x1
 1054 02ec 000001B9 		.4byte	.LASF34
 1055 02f0 06       		.byte	0x6
 1056 02f1 1E       		.byte	0x1e
 1057 02f2 00000273 		.4byte	.LASF36
 1058 02f6 00000189 		.4byte	0x189
 1059 02fa 01       		.byte	0x1
 1060 02fb 00000303 		.4byte	0x303
 1061 02ff 0000030F 		.4byte	0x30f
 1062 0303 14       		.uleb128 0x14
 1063 0304 0000034E 		.4byte	0x34e
 1064 0308 01       		.byte	0x1
 1065 0309 15       		.uleb128 0x15
 1066 030a 00000048 		.4byte	0x48
 1067 030e 00       		.byte	0
 1068 030f 16       		.uleb128 0x16
 1069 0310 01       		.byte	0x1
 1070 0311 00000223 		.4byte	.LASF37
 1071 0315 06       		.byte	0x6
 1072 0316 20       		.byte	0x20
 1073 0317 0000013F 		.4byte	.LASF38
 1074 031b 00000048 		.4byte	0x48
 1075 031f 01       		.byte	0x1
 1076 0320 00000328 		.4byte	0x328
 1077 0324 0000032F 		.4byte	0x32f
 1078 0328 14       		.uleb128 0x14
 1079 0329 0000034E 		.4byte	0x34e
 1080 032d 01       		.byte	0x1
 1081 032e 00       		.byte	0
 1082 032f 17       		.uleb128 0x17
 1083 0330 01       		.byte	0x1
 1084 0331 0000015B 		.4byte	.LASF39
 1085 0335 06       		.byte	0x6
 1086 0336 22       		.byte	0x22
 1087 0337 000000FC 		.4byte	.LASF51
 1088 033b 01       		.byte	0x1
 1089 033c 00000340 		.4byte	0x340
 1090 0340 14       		.uleb128 0x14
 1091 0341 0000034E 		.4byte	0x34e
 1092 0345 01       		.byte	0x1
 1093 0346 00       		.byte	0
 1094 0347 00       		.byte	0
 1095 0348 04       		.uleb128 0x4
 1096 0349 04       		.byte	0x4
 1097 034a 00000255 		.4byte	0x255
 1098 034e 04       		.uleb128 0x4
 1099 034f 04       		.byte	0x4
 1100 0350 00000260 		.4byte	0x260
 1101 0354 18       		.uleb128 0x18
 1102 0355 00000296 		.4byte	.LASF52
 1103 0359 01       		.byte	0x1
 1104 035a 89       		.byte	0x89
 1105 035b 00000048 		.4byte	0x48
 1106 035f 00000000 		.4byte	.LFB69
 1107 0363 00000028 		.4byte	.LFE69
 1108 0367 00000000 		.4byte	.LLST0
 1109 036b 000003B0 		.4byte	0x3b0
 1110 036f 19       		.uleb128 0x19
 1111 0370 6100     		.string	"a"
 1112 0372 01       		.byte	0x1
 1113 0373 89       		.byte	0x89
 1114 0374 00000190 		.4byte	0x190
 1115 0378 0000002C 		.4byte	.LLST1
 1116 037c 19       		.uleb128 0x19
 1117 037d 6200     		.string	"b"
 1118 037f 01       		.byte	0x1
 1119 0380 89       		.byte	0x89
 1120 0381 00000190 		.4byte	0x190
 1121 0385 0000003F 		.4byte	.LLST2
 1122 0389 1A       		.uleb128 0x1a
 1123 038a 0000000C 		.4byte	.LBB2
 1124 038e 00000018 		.4byte	.LBE2
 1125 0392 1B       		.uleb128 0x1b
 1126 0393 616200   		.string	"ab"
 1127 0396 01       		.byte	0x1
 1128 0397 8B       		.byte	0x8b
 1129 0398 00000348 		.4byte	0x348
 1130 039c 0000002C 		.4byte	.LLST1
 1131 03a0 1B       		.uleb128 0x1b
 1132 03a1 626200   		.string	"bb"
 1133 03a4 01       		.byte	0x1
 1134 03a5 8C       		.byte	0x8c
 1135 03a6 00000348 		.4byte	0x348
 1136 03aa 0000003F 		.4byte	.LLST2
 1137 03ae 00       		.byte	0
 1138 03af 00       		.byte	0
 1139 03b0 1C       		.uleb128 0x1c
 1140 03b1 0000028A 		.4byte	0x28a
 1141 03b5 01       		.byte	0x1
 1142 03b6 0D       		.byte	0xd
 1143 03b7 00       		.byte	0
 1144 03b8 000003C0 		.4byte	0x3c0
 1145 03bc 00000420 		.4byte	0x420
 1146 03c0 1D       		.uleb128 0x1d
 1147 03c1 00000219 		.4byte	.LASF43
 1148 03c5 00000420 		.4byte	0x420
 1149 03c9 01       		.byte	0x1
 1150 03ca 1E       		.uleb128 0x1e
 1151 03cb 75726C00 		.string	"url"
 1152 03cf 01       		.byte	0x1
 1153 03d0 0D       		.byte	0xd
 1154 03d1 00000077 		.4byte	0x77
 1155 03d5 1F       		.uleb128 0x1f
 1156 03d6 20       		.uleb128 0x20
 1157 03d7 000000A1 		.4byte	.LASF40
 1158 03db 01       		.byte	0x1
 1159 03dc 18       		.byte	0x18
 1160 03dd 00000203 		.4byte	0x203
 1161 03e1 21       		.uleb128 0x21
 1162 03e2 636E7400 		.string	"cnt"
 1163 03e6 01       		.byte	0x1
 1164 03e7 20       		.byte	0x20
 1165 03e8 000000E0 		.4byte	0xe0
 1166 03ec 20       		.uleb128 0x20
 1167 03ed 00000084 		.4byte	.LASF41
 1168 03f1 01       		.byte	0x1
 1169 03f2 21       		.byte	0x21
 1170 03f3 00000425 		.4byte	0x425
 1171 03f7 1F       		.uleb128 0x1f
 1172 03f8 20       		.uleb128 0x20
 1173 03f9 00000241 		.4byte	.LASF42
 1174 03fd 01       		.byte	0x1
 1175 03fe 34       		.byte	0x34
 1176 03ff 000000E0 		.4byte	0xe0
 1177 0403 22       		.uleb128 0x22
 1178 0404 00000412 		.4byte	0x412
 1179 0408 21       		.uleb128 0x21
 1180 0409 6900     		.string	"i"
 1181 040b 01       		.byte	0x1
 1182 040c 42       		.byte	0x42
 1183 040d 00000048 		.4byte	0x48
 1184 0411 00       		.byte	0
 1185 0412 1F       		.uleb128 0x1f
 1186 0413 21       		.uleb128 0x21
 1187 0414 6900     		.string	"i"
 1188 0416 01       		.byte	0x1
 1189 0417 54       		.byte	0x54
 1190 0418 00000048 		.4byte	0x48
 1191 041c 00       		.byte	0
 1192 041d 00       		.byte	0
 1193 041e 00       		.byte	0
 1194 041f 00       		.byte	0
 1195 0420 05       		.uleb128 0x5
 1196 0421 0000034E 		.4byte	0x34e
 1197 0425 23       		.uleb128 0x23
 1198 0426 00000070 		.4byte	0x70
 1199 042a 00000436 		.4byte	0x436
 1200 042e 24       		.uleb128 0x24
 1201 042f 00000025 		.4byte	0x25
 1202 0433 03FF     		.2byte	0x3ff
 1203 0435 00       		.byte	0
 1204 0436 25       		.uleb128 0x25
 1205 0437 000003B0 		.4byte	0x3b0
 1206 043b 00000028 		.4byte	.LFB62
 1207 043f 0000037C 		.4byte	.LFE62
 1208 0443 00000052 		.4byte	.LLST5
 1209 0447 0000044F 		.4byte	0x44f
 1210 044b 000004BC 		.4byte	0x4bc
 1211 044f 26       		.uleb128 0x26
 1212 0450 000003C0 		.4byte	0x3c0
 1213 0454 000000BE 		.4byte	.LLST6
 1214 0458 26       		.uleb128 0x26
 1215 0459 000003CA 		.4byte	0x3ca
 1216 045d 000000FD 		.4byte	.LLST7
 1217 0461 27       		.uleb128 0x27
 1218 0462 00000000 		.4byte	.Ldebug_ranges0+0
 1219 0466 28       		.uleb128 0x28
 1220 0467 000003D6 		.4byte	0x3d6
 1221 046b 0000013C 		.4byte	.LLST8
 1222 046f 28       		.uleb128 0x28
 1223 0470 000003E1 		.4byte	0x3e1
 1224 0474 000001C2 		.4byte	.LLST9
 1225 0478 29       		.uleb128 0x29
 1226 0479 000003EC 		.4byte	0x3ec
 1227 047d 03       		.byte	0x3
 1228 047e 91       		.byte	0x91
 1229 047f D877     		.sleb128 -1064
 1230 0481 27       		.uleb128 0x27
 1231 0482 00000038 		.4byte	.Ldebug_ranges0+0x38
 1232 0486 28       		.uleb128 0x28
 1233 0487 000003F8 		.4byte	0x3f8
 1234 048b 0000021B 		.4byte	.LLST10
 1235 048f 2A       		.uleb128 0x2a
 1236 0490 0000028C 		.4byte	.LBB9
 1237 0494 000002C4 		.4byte	.LBE9
 1238 0498 000004A6 		.4byte	0x4a6
 1239 049c 28       		.uleb128 0x28
 1240 049d 00000408 		.4byte	0x408
 1241 04a1 0000023A 		.4byte	.LLST11
 1242 04a5 00       		.byte	0
 1243 04a6 1A       		.uleb128 0x1a
 1244 04a7 00000328 		.4byte	.LBB13
 1245 04ab 0000035C 		.4byte	.LBE13
 1246 04af 28       		.uleb128 0x28
 1247 04b0 00000413 		.4byte	0x413
 1248 04b4 00000259 		.4byte	.LLST12
 1249 04b8 00       		.byte	0
 1250 04b9 00       		.byte	0
 1251 04ba 00       		.byte	0
 1252 04bb 00       		.byte	0
 1253 04bc 1C       		.uleb128 0x1c
 1254 04bd 000002A7 		.4byte	0x2a7
 1255 04c1 01       		.byte	0x1
 1256 04c2 6E       		.byte	0x6e
 1257 04c3 00       		.byte	0
 1258 04c4 000004CC 		.4byte	0x4cc
 1259 04c8 000004EC 		.4byte	0x4ec
 1260 04cc 1D       		.uleb128 0x1d
 1261 04cd 00000219 		.4byte	.LASF43
 1262 04d1 00000420 		.4byte	0x420
 1263 04d5 01       		.byte	0x1
 1264 04d6 1D       		.uleb128 0x1d
 1265 04d7 00000207 		.4byte	.LASF44
 1266 04db 000004EC 		.4byte	0x4ec
 1267 04df 01       		.byte	0x1
 1268 04e0 1F       		.uleb128 0x1f
 1269 04e1 21       		.uleb128 0x21
 1270 04e2 6900     		.string	"i"
 1271 04e4 01       		.byte	0x1
 1272 04e5 70       		.byte	0x70
 1273 04e6 00000048 		.4byte	0x48
 1274 04ea 00       		.byte	0
 1275 04eb 00       		.byte	0
 1276 04ec 05       		.uleb128 0x5
 1277 04ed 00000048 		.4byte	0x48
 1278 04f1 25       		.uleb128 0x25
 1279 04f2 000004BC 		.4byte	0x4bc
 1280 04f6 0000037C 		.4byte	.LFB65
 1281 04fa 00000404 		.4byte	.LFE65
 1282 04fe 00000278 		.4byte	.LLST13
 1283 0502 0000050A 		.4byte	0x50a
 1284 0506 00000523 		.4byte	0x523
 1285 050a 26       		.uleb128 0x26
 1286 050b 000004CC 		.4byte	0x4cc
 1287 050f 000002A4 		.4byte	.LLST14
 1288 0513 27       		.uleb128 0x27
 1289 0514 00000050 		.4byte	.Ldebug_ranges0+0x50
 1290 0518 28       		.uleb128 0x28
 1291 0519 000004E1 		.4byte	0x4e1
 1292 051d 000002C2 		.4byte	.LLST15
 1293 0521 00       		.byte	0
 1294 0522 00       		.byte	0
 1295 0523 2B       		.uleb128 0x2b
 1296 0524 000002C5 		.4byte	0x2c5
 1297 0528 01       		.byte	0x1
 1298 0529 7D       		.byte	0x7d
 1299 052a 00000404 		.4byte	.LFB67
 1300 052e 00000440 		.4byte	.LFE67
 1301 0532 02       		.byte	0x2
 1302 0533 71       		.byte	0x71
 1303 0534 00       		.sleb128 0
 1304 0535 0000053D 		.4byte	0x53d
 1305 0539 0000055B 		.4byte	0x55b
 1306 053d 2C       		.uleb128 0x2c
 1307 053e 00000219 		.4byte	.LASF43
 1308 0542 00000420 		.4byte	0x420
 1309 0546 01       		.byte	0x1
 1310 0547 000002E1 		.4byte	.LLST16
 1311 054b 19       		.uleb128 0x19
 1312 054c 696E6400 		.string	"ind"
 1313 0550 01       		.byte	0x1
 1314 0551 7D       		.byte	0x7d
 1315 0552 00000048 		.4byte	0x48
 1316 0556 000002FF 		.4byte	.LLST17
 1317 055a 00       		.byte	0
 1318 055b 2B       		.uleb128 0x2b
 1319 055c 0000030F 		.4byte	0x30f
 1320 0560 01       		.byte	0x1
 1321 0561 84       		.byte	0x84
 1322 0562 00000440 		.4byte	.LFB68
 1323 0566 00000448 		.4byte	.LFE68
 1324 056a 02       		.byte	0x2
 1325 056b 71       		.byte	0x71
 1326 056c 00       		.sleb128 0
 1327 056d 00000575 		.4byte	0x575
 1328 0571 00000584 		.4byte	0x584
 1329 0575 2C       		.uleb128 0x2c
 1330 0576 00000219 		.4byte	.LASF43
 1331 057a 00000420 		.4byte	0x420
 1332 057e 01       		.byte	0x1
 1333 057f 00000312 		.4byte	.LLST18
 1334 0583 00       		.byte	0
 1335 0584 2D       		.uleb128 0x2d
 1336 0585 0000032F 		.4byte	0x32f
 1337 0589 01       		.byte	0x1
 1338 058a 90       		.byte	0x90
 1339 058b 00000448 		.4byte	.LFB70
 1340 058f 00000480 		.4byte	.LFE70
 1341 0593 00000325 		.4byte	.LLST19
 1342 0597 0000059F 		.4byte	0x59f
 1343 059b 000005AE 		.4byte	0x5ae
 1344 059f 2C       		.uleb128 0x2c
 1345 05a0 00000219 		.4byte	.LASF43
 1346 05a4 00000420 		.4byte	0x420
 1347 05a8 01       		.byte	0x1
 1348 05a9 00000351 		.4byte	.LLST20
 1349 05ad 00       		.byte	0
 1350 05ae 2E       		.uleb128 0x2e
 1351 05af 00000000 		.4byte	.LASF53
 1352 05b3 04       		.byte	0x4
 1353 05b4 0548     		.2byte	0x548
 1354 05b6 000005BC 		.4byte	0x5bc
 1355 05ba 01       		.byte	0x1
 1356 05bb 01       		.byte	0x1
 1357 05bc 05       		.uleb128 0x5
 1358 05bd 000005C1 		.4byte	0x5c1
 1359 05c1 04       		.uleb128 0x4
 1360 05c2 04       		.byte	0x4
 1361 05c3 000001F7 		.4byte	0x1f7
 1362 05c7 00       		.byte	0
 1363              		.section	.debug_abbrev,"",@progbits
 1364              	.Ldebug_abbrev0:
 1365 0000 01       		.uleb128 0x1
 1366 0001 11       		.uleb128 0x11
 1367 0002 01       		.byte	0x1
 1368 0003 25       		.uleb128 0x25
 1369 0004 0E       		.uleb128 0xe
 1370 0005 13       		.uleb128 0x13
 1371 0006 0B       		.uleb128 0xb
 1372 0007 03       		.uleb128 0x3
 1373 0008 0E       		.uleb128 0xe
 1374 0009 1B       		.uleb128 0x1b
 1375 000a 0E       		.uleb128 0xe
 1376 000b 11       		.uleb128 0x11
 1377 000c 01       		.uleb128 0x1
 1378 000d 12       		.uleb128 0x12
 1379 000e 01       		.uleb128 0x1
 1380 000f 10       		.uleb128 0x10
 1381 0010 06       		.uleb128 0x6
 1382 0011 00       		.byte	0
 1383 0012 00       		.byte	0
 1384 0013 02       		.uleb128 0x2
 1385 0014 24       		.uleb128 0x24
 1386 0015 00       		.byte	0
 1387 0016 0B       		.uleb128 0xb
 1388 0017 0B       		.uleb128 0xb
 1389 0018 3E       		.uleb128 0x3e
 1390 0019 0B       		.uleb128 0xb
 1391 001a 03       		.uleb128 0x3
 1392 001b 0E       		.uleb128 0xe
 1393 001c 00       		.byte	0
 1394 001d 00       		.byte	0
 1395 001e 03       		.uleb128 0x3
 1396 001f 24       		.uleb128 0x24
 1397 0020 00       		.byte	0
 1398 0021 0B       		.uleb128 0xb
 1399 0022 0B       		.uleb128 0xb
 1400 0023 3E       		.uleb128 0x3e
 1401 0024 0B       		.uleb128 0xb
 1402 0025 03       		.uleb128 0x3
 1403 0026 08       		.uleb128 0x8
 1404 0027 00       		.byte	0
 1405 0028 00       		.byte	0
 1406 0029 04       		.uleb128 0x4
 1407 002a 0F       		.uleb128 0xf
 1408 002b 00       		.byte	0
 1409 002c 0B       		.uleb128 0xb
 1410 002d 0B       		.uleb128 0xb
 1411 002e 49       		.uleb128 0x49
 1412 002f 13       		.uleb128 0x13
 1413 0030 00       		.byte	0
 1414 0031 00       		.byte	0
 1415 0032 05       		.uleb128 0x5
 1416 0033 26       		.uleb128 0x26
 1417 0034 00       		.byte	0
 1418 0035 49       		.uleb128 0x49
 1419 0036 13       		.uleb128 0x13
 1420 0037 00       		.byte	0
 1421 0038 00       		.byte	0
 1422 0039 06       		.uleb128 0x6
 1423 003a 16       		.uleb128 0x16
 1424 003b 00       		.byte	0
 1425 003c 03       		.uleb128 0x3
 1426 003d 0E       		.uleb128 0xe
 1427 003e 3A       		.uleb128 0x3a
 1428 003f 0B       		.uleb128 0xb
 1429 0040 3B       		.uleb128 0x3b
 1430 0041 0B       		.uleb128 0xb
 1431 0042 49       		.uleb128 0x49
 1432 0043 13       		.uleb128 0x13
 1433 0044 00       		.byte	0
 1434 0045 00       		.byte	0
 1435 0046 07       		.uleb128 0x7
 1436 0047 16       		.uleb128 0x16
 1437 0048 00       		.byte	0
 1438 0049 03       		.uleb128 0x3
 1439 004a 08       		.uleb128 0x8
 1440 004b 3A       		.uleb128 0x3a
 1441 004c 0B       		.uleb128 0xb
 1442 004d 3B       		.uleb128 0x3b
 1443 004e 0B       		.uleb128 0xb
 1444 004f 49       		.uleb128 0x49
 1445 0050 13       		.uleb128 0x13
 1446 0051 00       		.byte	0
 1447 0052 00       		.byte	0
 1448 0053 08       		.uleb128 0x8
 1449 0054 35       		.uleb128 0x35
 1450 0055 00       		.byte	0
 1451 0056 49       		.uleb128 0x49
 1452 0057 13       		.uleb128 0x13
 1453 0058 00       		.byte	0
 1454 0059 00       		.byte	0
 1455 005a 09       		.uleb128 0x9
 1456 005b 26       		.uleb128 0x26
 1457 005c 00       		.byte	0
 1458 005d 00       		.byte	0
 1459 005e 00       		.byte	0
 1460 005f 0A       		.uleb128 0xa
 1461 0060 17       		.uleb128 0x17
 1462 0061 01       		.byte	0x1
 1463 0062 03       		.uleb128 0x3
 1464 0063 0E       		.uleb128 0xe
 1465 0064 0B       		.uleb128 0xb
 1466 0065 0B       		.uleb128 0xb
 1467 0066 3A       		.uleb128 0x3a
 1468 0067 0B       		.uleb128 0xb
 1469 0068 3B       		.uleb128 0x3b
 1470 0069 05       		.uleb128 0x5
 1471 006a 01       		.uleb128 0x1
 1472 006b 13       		.uleb128 0x13
 1473 006c 00       		.byte	0
 1474 006d 00       		.byte	0
 1475 006e 0B       		.uleb128 0xb
 1476 006f 0D       		.uleb128 0xd
 1477 0070 00       		.byte	0
 1478 0071 03       		.uleb128 0x3
 1479 0072 08       		.uleb128 0x8
 1480 0073 3A       		.uleb128 0x3a
 1481 0074 0B       		.uleb128 0xb
 1482 0075 3B       		.uleb128 0x3b
 1483 0076 05       		.uleb128 0x5
 1484 0077 49       		.uleb128 0x49
 1485 0078 13       		.uleb128 0x13
 1486 0079 00       		.byte	0
 1487 007a 00       		.byte	0
 1488 007b 0C       		.uleb128 0xc
 1489 007c 16       		.uleb128 0x16
 1490 007d 00       		.byte	0
 1491 007e 03       		.uleb128 0x3
 1492 007f 0E       		.uleb128 0xe
 1493 0080 3A       		.uleb128 0x3a
 1494 0081 0B       		.uleb128 0xb
 1495 0082 3B       		.uleb128 0x3b
 1496 0083 05       		.uleb128 0x5
 1497 0084 49       		.uleb128 0x49
 1498 0085 13       		.uleb128 0x13
 1499 0086 00       		.byte	0
 1500 0087 00       		.byte	0
 1501 0088 0D       		.uleb128 0xd
 1502 0089 13       		.uleb128 0x13
 1503 008a 01       		.byte	0x1
 1504 008b 03       		.uleb128 0x3
 1505 008c 0E       		.uleb128 0xe
 1506 008d 0B       		.uleb128 0xb
 1507 008e 0B       		.uleb128 0xb
 1508 008f 3A       		.uleb128 0x3a
 1509 0090 0B       		.uleb128 0xb
 1510 0091 3B       		.uleb128 0x3b
 1511 0092 0B       		.uleb128 0xb
 1512 0093 01       		.uleb128 0x1
 1513 0094 13       		.uleb128 0x13
 1514 0095 00       		.byte	0
 1515 0096 00       		.byte	0
 1516 0097 0E       		.uleb128 0xe
 1517 0098 0D       		.uleb128 0xd
 1518 0099 00       		.byte	0
 1519 009a 03       		.uleb128 0x3
 1520 009b 0E       		.uleb128 0xe
 1521 009c 3A       		.uleb128 0x3a
 1522 009d 0B       		.uleb128 0xb
 1523 009e 3B       		.uleb128 0x3b
 1524 009f 0B       		.uleb128 0xb
 1525 00a0 49       		.uleb128 0x49
 1526 00a1 13       		.uleb128 0x13
 1527 00a2 38       		.uleb128 0x38
 1528 00a3 0A       		.uleb128 0xa
 1529 00a4 00       		.byte	0
 1530 00a5 00       		.byte	0
 1531 00a6 0F       		.uleb128 0xf
 1532 00a7 13       		.uleb128 0x13
 1533 00a8 01       		.byte	0x1
 1534 00a9 0B       		.uleb128 0xb
 1535 00aa 0B       		.uleb128 0xb
 1536 00ab 3A       		.uleb128 0x3a
 1537 00ac 0B       		.uleb128 0xb
 1538 00ad 3B       		.uleb128 0x3b
 1539 00ae 0B       		.uleb128 0xb
 1540 00af 8740     		.uleb128 0x2007
 1541 00b1 0E       		.uleb128 0xe
 1542 00b2 01       		.uleb128 0x1
 1543 00b3 13       		.uleb128 0x13
 1544 00b4 00       		.byte	0
 1545 00b5 00       		.byte	0
 1546 00b6 10       		.uleb128 0x10
 1547 00b7 0D       		.uleb128 0xd
 1548 00b8 00       		.byte	0
 1549 00b9 03       		.uleb128 0x3
 1550 00ba 08       		.uleb128 0x8
 1551 00bb 3A       		.uleb128 0x3a
 1552 00bc 0B       		.uleb128 0xb
 1553 00bd 3B       		.uleb128 0x3b
 1554 00be 0B       		.uleb128 0xb
 1555 00bf 49       		.uleb128 0x49
 1556 00c0 13       		.uleb128 0x13
 1557 00c1 38       		.uleb128 0x38
 1558 00c2 0A       		.uleb128 0xa
 1559 00c3 00       		.byte	0
 1560 00c4 00       		.byte	0
 1561 00c5 11       		.uleb128 0x11
 1562 00c6 02       		.uleb128 0x2
 1563 00c7 01       		.byte	0x1
 1564 00c8 03       		.uleb128 0x3
 1565 00c9 0E       		.uleb128 0xe
 1566 00ca 0B       		.uleb128 0xb
 1567 00cb 0B       		.uleb128 0xb
 1568 00cc 3A       		.uleb128 0x3a
 1569 00cd 0B       		.uleb128 0xb
 1570 00ce 3B       		.uleb128 0x3b
 1571 00cf 0B       		.uleb128 0xb
 1572 00d0 01       		.uleb128 0x1
 1573 00d1 13       		.uleb128 0x13
 1574 00d2 00       		.byte	0
 1575 00d3 00       		.byte	0
 1576 00d4 12       		.uleb128 0x12
 1577 00d5 0D       		.uleb128 0xd
 1578 00d6 00       		.byte	0
 1579 00d7 03       		.uleb128 0x3
 1580 00d8 0E       		.uleb128 0xe
 1581 00d9 3A       		.uleb128 0x3a
 1582 00da 0B       		.uleb128 0xb
 1583 00db 3B       		.uleb128 0x3b
 1584 00dc 0B       		.uleb128 0xb
 1585 00dd 49       		.uleb128 0x49
 1586 00de 13       		.uleb128 0x13
 1587 00df 38       		.uleb128 0x38
 1588 00e0 0A       		.uleb128 0xa
 1589 00e1 32       		.uleb128 0x32
 1590 00e2 0B       		.uleb128 0xb
 1591 00e3 00       		.byte	0
 1592 00e4 00       		.byte	0
 1593 00e5 13       		.uleb128 0x13
 1594 00e6 2E       		.uleb128 0x2e
 1595 00e7 01       		.byte	0x1
 1596 00e8 3F       		.uleb128 0x3f
 1597 00e9 0C       		.uleb128 0xc
 1598 00ea 03       		.uleb128 0x3
 1599 00eb 0E       		.uleb128 0xe
 1600 00ec 3A       		.uleb128 0x3a
 1601 00ed 0B       		.uleb128 0xb
 1602 00ee 3B       		.uleb128 0x3b
 1603 00ef 0B       		.uleb128 0xb
 1604 00f0 3C       		.uleb128 0x3c
 1605 00f1 0C       		.uleb128 0xc
 1606 00f2 64       		.uleb128 0x64
 1607 00f3 13       		.uleb128 0x13
 1608 00f4 01       		.uleb128 0x1
 1609 00f5 13       		.uleb128 0x13
 1610 00f6 00       		.byte	0
 1611 00f7 00       		.byte	0
 1612 00f8 14       		.uleb128 0x14
 1613 00f9 05       		.uleb128 0x5
 1614 00fa 00       		.byte	0
 1615 00fb 49       		.uleb128 0x49
 1616 00fc 13       		.uleb128 0x13
 1617 00fd 34       		.uleb128 0x34
 1618 00fe 0C       		.uleb128 0xc
 1619 00ff 00       		.byte	0
 1620 0100 00       		.byte	0
 1621 0101 15       		.uleb128 0x15
 1622 0102 05       		.uleb128 0x5
 1623 0103 00       		.byte	0
 1624 0104 49       		.uleb128 0x49
 1625 0105 13       		.uleb128 0x13
 1626 0106 00       		.byte	0
 1627 0107 00       		.byte	0
 1628 0108 16       		.uleb128 0x16
 1629 0109 2E       		.uleb128 0x2e
 1630 010a 01       		.byte	0x1
 1631 010b 3F       		.uleb128 0x3f
 1632 010c 0C       		.uleb128 0xc
 1633 010d 03       		.uleb128 0x3
 1634 010e 0E       		.uleb128 0xe
 1635 010f 3A       		.uleb128 0x3a
 1636 0110 0B       		.uleb128 0xb
 1637 0111 3B       		.uleb128 0x3b
 1638 0112 0B       		.uleb128 0xb
 1639 0113 8740     		.uleb128 0x2007
 1640 0115 0E       		.uleb128 0xe
 1641 0116 49       		.uleb128 0x49
 1642 0117 13       		.uleb128 0x13
 1643 0118 3C       		.uleb128 0x3c
 1644 0119 0C       		.uleb128 0xc
 1645 011a 64       		.uleb128 0x64
 1646 011b 13       		.uleb128 0x13
 1647 011c 01       		.uleb128 0x1
 1648 011d 13       		.uleb128 0x13
 1649 011e 00       		.byte	0
 1650 011f 00       		.byte	0
 1651 0120 17       		.uleb128 0x17
 1652 0121 2E       		.uleb128 0x2e
 1653 0122 01       		.byte	0x1
 1654 0123 3F       		.uleb128 0x3f
 1655 0124 0C       		.uleb128 0xc
 1656 0125 03       		.uleb128 0x3
 1657 0126 0E       		.uleb128 0xe
 1658 0127 3A       		.uleb128 0x3a
 1659 0128 0B       		.uleb128 0xb
 1660 0129 3B       		.uleb128 0x3b
 1661 012a 0B       		.uleb128 0xb
 1662 012b 8740     		.uleb128 0x2007
 1663 012d 0E       		.uleb128 0xe
 1664 012e 3C       		.uleb128 0x3c
 1665 012f 0C       		.uleb128 0xc
 1666 0130 64       		.uleb128 0x64
 1667 0131 13       		.uleb128 0x13
 1668 0132 00       		.byte	0
 1669 0133 00       		.byte	0
 1670 0134 18       		.uleb128 0x18
 1671 0135 2E       		.uleb128 0x2e
 1672 0136 01       		.byte	0x1
 1673 0137 03       		.uleb128 0x3
 1674 0138 0E       		.uleb128 0xe
 1675 0139 3A       		.uleb128 0x3a
 1676 013a 0B       		.uleb128 0xb
 1677 013b 3B       		.uleb128 0x3b
 1678 013c 0B       		.uleb128 0xb
 1679 013d 49       		.uleb128 0x49
 1680 013e 13       		.uleb128 0x13
 1681 013f 11       		.uleb128 0x11
 1682 0140 01       		.uleb128 0x1
 1683 0141 12       		.uleb128 0x12
 1684 0142 01       		.uleb128 0x1
 1685 0143 40       		.uleb128 0x40
 1686 0144 06       		.uleb128 0x6
 1687 0145 01       		.uleb128 0x1
 1688 0146 13       		.uleb128 0x13
 1689 0147 00       		.byte	0
 1690 0148 00       		.byte	0
 1691 0149 19       		.uleb128 0x19
 1692 014a 05       		.uleb128 0x5
 1693 014b 00       		.byte	0
 1694 014c 03       		.uleb128 0x3
 1695 014d 08       		.uleb128 0x8
 1696 014e 3A       		.uleb128 0x3a
 1697 014f 0B       		.uleb128 0xb
 1698 0150 3B       		.uleb128 0x3b
 1699 0151 0B       		.uleb128 0xb
 1700 0152 49       		.uleb128 0x49
 1701 0153 13       		.uleb128 0x13
 1702 0154 02       		.uleb128 0x2
 1703 0155 06       		.uleb128 0x6
 1704 0156 00       		.byte	0
 1705 0157 00       		.byte	0
 1706 0158 1A       		.uleb128 0x1a
 1707 0159 0B       		.uleb128 0xb
 1708 015a 01       		.byte	0x1
 1709 015b 11       		.uleb128 0x11
 1710 015c 01       		.uleb128 0x1
 1711 015d 12       		.uleb128 0x12
 1712 015e 01       		.uleb128 0x1
 1713 015f 00       		.byte	0
 1714 0160 00       		.byte	0
 1715 0161 1B       		.uleb128 0x1b
 1716 0162 34       		.uleb128 0x34
 1717 0163 00       		.byte	0
 1718 0164 03       		.uleb128 0x3
 1719 0165 08       		.uleb128 0x8
 1720 0166 3A       		.uleb128 0x3a
 1721 0167 0B       		.uleb128 0xb
 1722 0168 3B       		.uleb128 0x3b
 1723 0169 0B       		.uleb128 0xb
 1724 016a 49       		.uleb128 0x49
 1725 016b 13       		.uleb128 0x13
 1726 016c 02       		.uleb128 0x2
 1727 016d 06       		.uleb128 0x6
 1728 016e 00       		.byte	0
 1729 016f 00       		.byte	0
 1730 0170 1C       		.uleb128 0x1c
 1731 0171 2E       		.uleb128 0x2e
 1732 0172 01       		.byte	0x1
 1733 0173 47       		.uleb128 0x47
 1734 0174 13       		.uleb128 0x13
 1735 0175 3A       		.uleb128 0x3a
 1736 0176 0B       		.uleb128 0xb
 1737 0177 3B       		.uleb128 0x3b
 1738 0178 0B       		.uleb128 0xb
 1739 0179 20       		.uleb128 0x20
 1740 017a 0B       		.uleb128 0xb
 1741 017b 64       		.uleb128 0x64
 1742 017c 13       		.uleb128 0x13
 1743 017d 01       		.uleb128 0x1
 1744 017e 13       		.uleb128 0x13
 1745 017f 00       		.byte	0
 1746 0180 00       		.byte	0
 1747 0181 1D       		.uleb128 0x1d
 1748 0182 05       		.uleb128 0x5
 1749 0183 00       		.byte	0
 1750 0184 03       		.uleb128 0x3
 1751 0185 0E       		.uleb128 0xe
 1752 0186 49       		.uleb128 0x49
 1753 0187 13       		.uleb128 0x13
 1754 0188 34       		.uleb128 0x34
 1755 0189 0C       		.uleb128 0xc
 1756 018a 00       		.byte	0
 1757 018b 00       		.byte	0
 1758 018c 1E       		.uleb128 0x1e
 1759 018d 05       		.uleb128 0x5
 1760 018e 00       		.byte	0
 1761 018f 03       		.uleb128 0x3
 1762 0190 08       		.uleb128 0x8
 1763 0191 3A       		.uleb128 0x3a
 1764 0192 0B       		.uleb128 0xb
 1765 0193 3B       		.uleb128 0x3b
 1766 0194 0B       		.uleb128 0xb
 1767 0195 49       		.uleb128 0x49
 1768 0196 13       		.uleb128 0x13
 1769 0197 00       		.byte	0
 1770 0198 00       		.byte	0
 1771 0199 1F       		.uleb128 0x1f
 1772 019a 0B       		.uleb128 0xb
 1773 019b 01       		.byte	0x1
 1774 019c 00       		.byte	0
 1775 019d 00       		.byte	0
 1776 019e 20       		.uleb128 0x20
 1777 019f 34       		.uleb128 0x34
 1778 01a0 00       		.byte	0
 1779 01a1 03       		.uleb128 0x3
 1780 01a2 0E       		.uleb128 0xe
 1781 01a3 3A       		.uleb128 0x3a
 1782 01a4 0B       		.uleb128 0xb
 1783 01a5 3B       		.uleb128 0x3b
 1784 01a6 0B       		.uleb128 0xb
 1785 01a7 49       		.uleb128 0x49
 1786 01a8 13       		.uleb128 0x13
 1787 01a9 00       		.byte	0
 1788 01aa 00       		.byte	0
 1789 01ab 21       		.uleb128 0x21
 1790 01ac 34       		.uleb128 0x34
 1791 01ad 00       		.byte	0
 1792 01ae 03       		.uleb128 0x3
 1793 01af 08       		.uleb128 0x8
 1794 01b0 3A       		.uleb128 0x3a
 1795 01b1 0B       		.uleb128 0xb
 1796 01b2 3B       		.uleb128 0x3b
 1797 01b3 0B       		.uleb128 0xb
 1798 01b4 49       		.uleb128 0x49
 1799 01b5 13       		.uleb128 0x13
 1800 01b6 00       		.byte	0
 1801 01b7 00       		.byte	0
 1802 01b8 22       		.uleb128 0x22
 1803 01b9 0B       		.uleb128 0xb
 1804 01ba 01       		.byte	0x1
 1805 01bb 01       		.uleb128 0x1
 1806 01bc 13       		.uleb128 0x13
 1807 01bd 00       		.byte	0
 1808 01be 00       		.byte	0
 1809 01bf 23       		.uleb128 0x23
 1810 01c0 01       		.uleb128 0x1
 1811 01c1 01       		.byte	0x1
 1812 01c2 49       		.uleb128 0x49
 1813 01c3 13       		.uleb128 0x13
 1814 01c4 01       		.uleb128 0x1
 1815 01c5 13       		.uleb128 0x13
 1816 01c6 00       		.byte	0
 1817 01c7 00       		.byte	0
 1818 01c8 24       		.uleb128 0x24
 1819 01c9 21       		.uleb128 0x21
 1820 01ca 00       		.byte	0
 1821 01cb 49       		.uleb128 0x49
 1822 01cc 13       		.uleb128 0x13
 1823 01cd 2F       		.uleb128 0x2f
 1824 01ce 05       		.uleb128 0x5
 1825 01cf 00       		.byte	0
 1826 01d0 00       		.byte	0
 1827 01d1 25       		.uleb128 0x25
 1828 01d2 2E       		.uleb128 0x2e
 1829 01d3 01       		.byte	0x1
 1830 01d4 31       		.uleb128 0x31
 1831 01d5 13       		.uleb128 0x13
 1832 01d6 11       		.uleb128 0x11
 1833 01d7 01       		.uleb128 0x1
 1834 01d8 12       		.uleb128 0x12
 1835 01d9 01       		.uleb128 0x1
 1836 01da 40       		.uleb128 0x40
 1837 01db 06       		.uleb128 0x6
 1838 01dc 64       		.uleb128 0x64
 1839 01dd 13       		.uleb128 0x13
 1840 01de 01       		.uleb128 0x1
 1841 01df 13       		.uleb128 0x13
 1842 01e0 00       		.byte	0
 1843 01e1 00       		.byte	0
 1844 01e2 26       		.uleb128 0x26
 1845 01e3 05       		.uleb128 0x5
 1846 01e4 00       		.byte	0
 1847 01e5 31       		.uleb128 0x31
 1848 01e6 13       		.uleb128 0x13
 1849 01e7 02       		.uleb128 0x2
 1850 01e8 06       		.uleb128 0x6
 1851 01e9 00       		.byte	0
 1852 01ea 00       		.byte	0
 1853 01eb 27       		.uleb128 0x27
 1854 01ec 0B       		.uleb128 0xb
 1855 01ed 01       		.byte	0x1
 1856 01ee 55       		.uleb128 0x55
 1857 01ef 06       		.uleb128 0x6
 1858 01f0 00       		.byte	0
 1859 01f1 00       		.byte	0
 1860 01f2 28       		.uleb128 0x28
 1861 01f3 34       		.uleb128 0x34
 1862 01f4 00       		.byte	0
 1863 01f5 31       		.uleb128 0x31
 1864 01f6 13       		.uleb128 0x13
 1865 01f7 02       		.uleb128 0x2
 1866 01f8 06       		.uleb128 0x6
 1867 01f9 00       		.byte	0
 1868 01fa 00       		.byte	0
 1869 01fb 29       		.uleb128 0x29
 1870 01fc 34       		.uleb128 0x34
 1871 01fd 00       		.byte	0
 1872 01fe 31       		.uleb128 0x31
 1873 01ff 13       		.uleb128 0x13
 1874 0200 02       		.uleb128 0x2
 1875 0201 0A       		.uleb128 0xa
 1876 0202 00       		.byte	0
 1877 0203 00       		.byte	0
 1878 0204 2A       		.uleb128 0x2a
 1879 0205 0B       		.uleb128 0xb
 1880 0206 01       		.byte	0x1
 1881 0207 11       		.uleb128 0x11
 1882 0208 01       		.uleb128 0x1
 1883 0209 12       		.uleb128 0x12
 1884 020a 01       		.uleb128 0x1
 1885 020b 01       		.uleb128 0x1
 1886 020c 13       		.uleb128 0x13
 1887 020d 00       		.byte	0
 1888 020e 00       		.byte	0
 1889 020f 2B       		.uleb128 0x2b
 1890 0210 2E       		.uleb128 0x2e
 1891 0211 01       		.byte	0x1
 1892 0212 47       		.uleb128 0x47
 1893 0213 13       		.uleb128 0x13
 1894 0214 3A       		.uleb128 0x3a
 1895 0215 0B       		.uleb128 0xb
 1896 0216 3B       		.uleb128 0x3b
 1897 0217 0B       		.uleb128 0xb
 1898 0218 11       		.uleb128 0x11
 1899 0219 01       		.uleb128 0x1
 1900 021a 12       		.uleb128 0x12
 1901 021b 01       		.uleb128 0x1
 1902 021c 40       		.uleb128 0x40
 1903 021d 0A       		.uleb128 0xa
 1904 021e 64       		.uleb128 0x64
 1905 021f 13       		.uleb128 0x13
 1906 0220 01       		.uleb128 0x1
 1907 0221 13       		.uleb128 0x13
 1908 0222 00       		.byte	0
 1909 0223 00       		.byte	0
 1910 0224 2C       		.uleb128 0x2c
 1911 0225 05       		.uleb128 0x5
 1912 0226 00       		.byte	0
 1913 0227 03       		.uleb128 0x3
 1914 0228 0E       		.uleb128 0xe
 1915 0229 49       		.uleb128 0x49
 1916 022a 13       		.uleb128 0x13
 1917 022b 34       		.uleb128 0x34
 1918 022c 0C       		.uleb128 0xc
 1919 022d 02       		.uleb128 0x2
 1920 022e 06       		.uleb128 0x6
 1921 022f 00       		.byte	0
 1922 0230 00       		.byte	0
 1923 0231 2D       		.uleb128 0x2d
 1924 0232 2E       		.uleb128 0x2e
 1925 0233 01       		.byte	0x1
 1926 0234 47       		.uleb128 0x47
 1927 0235 13       		.uleb128 0x13
 1928 0236 3A       		.uleb128 0x3a
 1929 0237 0B       		.uleb128 0xb
 1930 0238 3B       		.uleb128 0x3b
 1931 0239 0B       		.uleb128 0xb
 1932 023a 11       		.uleb128 0x11
 1933 023b 01       		.uleb128 0x1
 1934 023c 12       		.uleb128 0x12
 1935 023d 01       		.uleb128 0x1
 1936 023e 40       		.uleb128 0x40
 1937 023f 06       		.uleb128 0x6
 1938 0240 64       		.uleb128 0x64
 1939 0241 13       		.uleb128 0x13
 1940 0242 01       		.uleb128 0x1
 1941 0243 13       		.uleb128 0x13
 1942 0244 00       		.byte	0
 1943 0245 00       		.byte	0
 1944 0246 2E       		.uleb128 0x2e
 1945 0247 34       		.uleb128 0x34
 1946 0248 00       		.byte	0
 1947 0249 03       		.uleb128 0x3
 1948 024a 0E       		.uleb128 0xe
 1949 024b 3A       		.uleb128 0x3a
 1950 024c 0B       		.uleb128 0xb
 1951 024d 3B       		.uleb128 0x3b
 1952 024e 05       		.uleb128 0x5
 1953 024f 49       		.uleb128 0x49
 1954 0250 13       		.uleb128 0x13
 1955 0251 3F       		.uleb128 0x3f
 1956 0252 0C       		.uleb128 0xc
 1957 0253 3C       		.uleb128 0x3c
 1958 0254 0C       		.uleb128 0xc
 1959 0255 00       		.byte	0
 1960 0256 00       		.byte	0
 1961 0257 00       		.byte	0
 1962              		.section	.debug_loc,"",@progbits
 1963              	.Ldebug_loc0:
 1964              	.LLST0:
 1965 0000 00000000 		.4byte	.LFB69-.Ltext0
 1966 0004 00000008 		.4byte	.LCFI0-.Ltext0
 1967 0008 0002     		.2byte	0x2
 1968 000a 71       		.byte	0x71
 1969 000b 00       		.sleb128 0
 1970 000c 00000008 		.4byte	.LCFI0-.Ltext0
 1971 0010 00000020 		.4byte	.LCFI1-.Ltext0
 1972 0014 0002     		.2byte	0x2
 1973 0016 71       		.byte	0x71
 1974 0017 08       		.sleb128 8
 1975 0018 00000020 		.4byte	.LCFI1-.Ltext0
 1976 001c 00000028 		.4byte	.LFE69-.Ltext0
 1977 0020 0002     		.2byte	0x2
 1978 0022 71       		.byte	0x71
 1979 0023 00       		.sleb128 0
 1980 0024 00000000 		.4byte	0
 1981 0028 00000000 		.4byte	0
 1982              	.LLST1:
 1983 002c 00000000 		.4byte	.LVL0-.Ltext0
 1984 0030 00000010 		.4byte	.LVL1-.Ltext0
 1985 0034 0001     		.2byte	0x1
 1986 0036 53       		.byte	0x53
 1987 0037 00000000 		.4byte	0
 1988 003b 00000000 		.4byte	0
 1989              	.LLST2:
 1990 003f 00000000 		.4byte	.LVL0-.Ltext0
 1991 0043 00000014 		.4byte	.LVL2-.Ltext0
 1992 0047 0001     		.2byte	0x1
 1993 0049 54       		.byte	0x54
 1994 004a 00000000 		.4byte	0
 1995 004e 00000000 		.4byte	0
 1996              	.LLST5:
 1997 0052 00000028 		.4byte	.LFB62-.Ltext0
 1998 0056 0000002C 		.4byte	.LCFI2-.Ltext0
 1999 005a 0002     		.2byte	0x2
 2000 005c 71       		.byte	0x71
 2001 005d 00       		.sleb128 0
 2002 005e 0000002C 		.4byte	.LCFI2-.Ltext0
 2003 0062 000000A0 		.4byte	.LCFI3-.Ltext0
 2004 0066 0003     		.2byte	0x3
 2005 0068 71       		.byte	0x71
 2006 0069 B008     		.sleb128 1072
 2007 006b 000000A0 		.4byte	.LCFI3-.Ltext0
 2008 006f 000000A4 		.4byte	.LCFI4-.Ltext0
 2009 0073 0002     		.2byte	0x2
 2010 0075 71       		.byte	0x71
 2011 0076 00       		.sleb128 0
 2012 0077 000000A4 		.4byte	.LCFI4-.Ltext0
 2013 007b 000000F0 		.4byte	.LCFI5-.Ltext0
 2014 007f 0003     		.2byte	0x3
 2015 0081 71       		.byte	0x71
 2016 0082 B008     		.sleb128 1072
 2017 0084 000000F0 		.4byte	.LCFI5-.Ltext0
 2018 0088 000000F4 		.4byte	.LCFI6-.Ltext0
 2019 008c 0002     		.2byte	0x2
 2020 008e 71       		.byte	0x71
 2021 008f 00       		.sleb128 0
 2022 0090 000000F4 		.4byte	.LCFI6-.Ltext0
 2023 0094 00000310 		.4byte	.LCFI7-.Ltext0
 2024 0098 0003     		.2byte	0x3
 2025 009a 71       		.byte	0x71
 2026 009b B008     		.sleb128 1072
 2027 009d 00000310 		.4byte	.LCFI7-.Ltext0
 2028 00a1 00000314 		.4byte	.LCFI8-.Ltext0
 2029 00a5 0002     		.2byte	0x2
 2030 00a7 71       		.byte	0x71
 2031 00a8 00       		.sleb128 0
 2032 00a9 00000314 		.4byte	.LCFI8-.Ltext0
 2033 00ad 0000037C 		.4byte	.LFE62-.Ltext0
 2034 00b1 0003     		.2byte	0x3
 2035 00b3 71       		.byte	0x71
 2036 00b4 B008     		.sleb128 1072
 2037 00b6 00000000 		.4byte	0
 2038 00ba 00000000 		.4byte	0
 2039              	.LLST6:
 2040 00be 00000028 		.4byte	.LVL3-.Ltext0
 2041 00c2 00000067 		.4byte	.LVL4-1-.Ltext0
 2042 00c6 0001     		.2byte	0x1
 2043 00c8 53       		.byte	0x53
 2044 00c9 00000067 		.4byte	.LVL4-1-.Ltext0
 2045 00cd 00000090 		.4byte	.LVL6-.Ltext0
 2046 00d1 0001     		.2byte	0x1
 2047 00d3 6C       		.byte	0x6c
 2048 00d4 000000A4 		.4byte	.LVL9-.Ltext0
 2049 00d8 000000E0 		.4byte	.LVL11-.Ltext0
 2050 00dc 0001     		.2byte	0x1
 2051 00de 6C       		.byte	0x6c
 2052 00df 000000F4 		.4byte	.LVL14-.Ltext0
 2053 00e3 00000300 		.4byte	.LVL33-.Ltext0
 2054 00e7 0001     		.2byte	0x1
 2055 00e9 6C       		.byte	0x6c
 2056 00ea 00000314 		.4byte	.LVL36-.Ltext0
 2057 00ee 0000037C 		.4byte	.LFE62-.Ltext0
 2058 00f2 0001     		.2byte	0x1
 2059 00f4 6C       		.byte	0x6c
 2060 00f5 00000000 		.4byte	0
 2061 00f9 00000000 		.4byte	0
 2062              	.LLST7:
 2063 00fd 00000028 		.4byte	.LVL3-.Ltext0
 2064 0101 00000067 		.4byte	.LVL4-1-.Ltext0
 2065 0105 0001     		.2byte	0x1
 2066 0107 54       		.byte	0x54
 2067 0108 00000067 		.4byte	.LVL4-1-.Ltext0
 2068 010c 0000009C 		.4byte	.LVL8-.Ltext0
 2069 0110 0001     		.2byte	0x1
 2070 0112 6F       		.byte	0x6f
 2071 0113 000000A4 		.4byte	.LVL9-.Ltext0
 2072 0117 000000EC 		.4byte	.LVL13-.Ltext0
 2073 011b 0001     		.2byte	0x1
 2074 011d 6F       		.byte	0x6f
 2075 011e 000000F4 		.4byte	.LVL14-.Ltext0
 2076 0122 00000110 		.4byte	.LVL17-.Ltext0
 2077 0126 0001     		.2byte	0x1
 2078 0128 6F       		.byte	0x6f
 2079 0129 00000314 		.4byte	.LVL36-.Ltext0
 2080 012d 00000328 		.4byte	.LVL37-.Ltext0
 2081 0131 0001     		.2byte	0x1
 2082 0133 6F       		.byte	0x6f
 2083 0134 00000000 		.4byte	0
 2084 0138 00000000 		.4byte	0
 2085              	.LLST8:
 2086 013c 00000078 		.4byte	.LVL5-.Ltext0
 2087 0140 00000094 		.4byte	.LVL7-.Ltext0
 2088 0144 0006     		.2byte	0x6
 2089 0146 6D       		.byte	0x6d
 2090 0147 93       		.byte	0x93
 2091 0148 04       		.uleb128 0x4
 2092 0149 6E       		.byte	0x6e
 2093 014a 93       		.byte	0x93
 2094 014b 04       		.uleb128 0x4
 2095 014c 000000B4 		.4byte	.LVL10-.Ltext0
 2096 0150 000000E4 		.4byte	.LVL12-.Ltext0
 2097 0154 0005     		.2byte	0x5
 2098 0156 93       		.byte	0x93
 2099 0157 04       		.uleb128 0x4
 2100 0158 54       		.byte	0x54
 2101 0159 93       		.byte	0x93
 2102 015a 04       		.uleb128 0x4
 2103 015b 000000F8 		.4byte	.LVL15-.Ltext0
 2104 015f 000000FB 		.4byte	.LVL16-1-.Ltext0
 2105 0163 0005     		.2byte	0x5
 2106 0165 6D       		.byte	0x6d
 2107 0166 93       		.byte	0x93
 2108 0167 04       		.uleb128 0x4
 2109 0168 93       		.byte	0x93
 2110 0169 04       		.uleb128 0x4
 2111 016a 000000FB 		.4byte	.LVL16-1-.Ltext0
 2112 016e 00000124 		.4byte	.LVL18-.Ltext0
 2113 0172 0006     		.2byte	0x6
 2114 0174 6D       		.byte	0x6d
 2115 0175 93       		.byte	0x93
 2116 0176 04       		.uleb128 0x4
 2117 0177 6E       		.byte	0x6e
 2118 0178 93       		.byte	0x93
 2119 0179 04       		.uleb128 0x4
 2120 017a 00000124 		.4byte	.LVL18-.Ltext0
 2121 017e 0000029C 		.4byte	.LVL28-.Ltext0
 2122 0182 0006     		.2byte	0x6
 2123 0184 6D       		.byte	0x6d
 2124 0185 93       		.byte	0x93
 2125 0186 04       		.uleb128 0x4
 2126 0187 6E       		.byte	0x6e
 2127 0188 93       		.byte	0x93
 2128 0189 04       		.uleb128 0x4
 2129 018a 000002C4 		.4byte	.LVL32-.Ltext0
 2130 018e 00000304 		.4byte	.LVL34-.Ltext0
 2131 0192 0006     		.2byte	0x6
 2132 0194 6D       		.byte	0x6d
 2133 0195 93       		.byte	0x93
 2134 0196 04       		.uleb128 0x4
 2135 0197 6E       		.byte	0x6e
 2136 0198 93       		.byte	0x93
 2137 0199 04       		.uleb128 0x4
 2138 019a 00000314 		.4byte	.LVL36-.Ltext0
 2139 019e 00000334 		.4byte	.LVL38-.Ltext0
 2140 01a2 0006     		.2byte	0x6
 2141 01a4 6D       		.byte	0x6d
 2142 01a5 93       		.byte	0x93
 2143 01a6 04       		.uleb128 0x4
 2144 01a7 6E       		.byte	0x6e
 2145 01a8 93       		.byte	0x93
 2146 01a9 04       		.uleb128 0x4
 2147 01aa 0000035C 		.4byte	.LVL42-.Ltext0
 2148 01ae 0000037C 		.4byte	.LFE62-.Ltext0
 2149 01b2 0006     		.2byte	0x6
 2150 01b4 6D       		.byte	0x6d
 2151 01b5 93       		.byte	0x93
 2152 01b6 04       		.uleb128 0x4
 2153 01b7 6E       		.byte	0x6e
 2154 01b8 93       		.byte	0x93
 2155 01b9 04       		.uleb128 0x4
 2156 01ba 00000000 		.4byte	0
 2157 01be 00000000 		.4byte	0
 2158              	.LLST9:
 2159 01c2 000000F4 		.4byte	.LVL14-.Ltext0
 2160 01c6 00000124 		.4byte	.LVL18-.Ltext0
 2161 01ca 0002     		.2byte	0x2
 2162 01cc 30       		.byte	0x30
 2163 01cd 9F       		.byte	0x9f
 2164 01ce 00000124 		.4byte	.LVL18-.Ltext0
 2165 01d2 00000130 		.4byte	.LVL20-.Ltext0
 2166 01d6 0001     		.2byte	0x1
 2167 01d8 6F       		.byte	0x6f
 2168 01d9 00000180 		.4byte	.LVL22-.Ltext0
 2169 01dd 000001A4 		.4byte	.LVL24-.Ltext0
 2170 01e1 0001     		.2byte	0x1
 2171 01e3 6F       		.byte	0x6f
 2172 01e4 000001A4 		.4byte	.LVL24-.Ltext0
 2173 01e8 000001A8 		.4byte	.LVL25-.Ltext0
 2174 01ec 0003     		.2byte	0x3
 2175 01ee 8F       		.byte	0x8f
 2176 01ef 7F       		.sleb128 -1
 2177 01f0 9F       		.byte	0x9f
 2178 01f1 000001A8 		.4byte	.LVL25-.Ltext0
 2179 01f5 0000029C 		.4byte	.LVL28-.Ltext0
 2180 01f9 0001     		.2byte	0x1
 2181 01fb 6F       		.byte	0x6f
 2182 01fc 00000314 		.4byte	.LVL36-.Ltext0
 2183 0200 00000328 		.4byte	.LVL37-.Ltext0
 2184 0204 0002     		.2byte	0x2
 2185 0206 30       		.byte	0x30
 2186 0207 9F       		.byte	0x9f
 2187 0208 00000328 		.4byte	.LVL37-.Ltext0
 2188 020c 00000334 		.4byte	.LVL38-.Ltext0
 2189 0210 0001     		.2byte	0x1
 2190 0212 6F       		.byte	0x6f
 2191 0213 00000000 		.4byte	0
 2192 0217 00000000 		.4byte	0
 2193              	.LLST10:
 2194 021b 0000017C 		.4byte	.LVL21-.Ltext0
 2195 021f 0000019C 		.4byte	.LVL23-.Ltext0
 2196 0223 0002     		.2byte	0x2
 2197 0225 30       		.byte	0x30
 2198 0226 9F       		.byte	0x9f
 2199 0227 000001A8 		.4byte	.LVL25-.Ltext0
 2200 022b 000001B8 		.4byte	.LVL26-.Ltext0
 2201 022f 0001     		.2byte	0x1
 2202 0231 6A       		.byte	0x6a
 2203 0232 00000000 		.4byte	0
 2204 0236 00000000 		.4byte	0
 2205              	.LLST11:
 2206 023a 0000028C 		.4byte	.LVL27-.Ltext0
 2207 023e 0000029C 		.4byte	.LVL28-.Ltext0
 2208 0242 0002     		.2byte	0x2
 2209 0244 30       		.byte	0x30
 2210 0245 9F       		.byte	0x9f
 2211 0246 000002AC 		.4byte	.LVL30-.Ltext0
 2212 024a 000002BC 		.4byte	.LVL31-.Ltext0
 2213 024e 0001     		.2byte	0x1
 2214 0250 50       		.byte	0x50
 2215 0251 00000000 		.4byte	0
 2216 0255 00000000 		.4byte	0
 2217              	.LLST12:
 2218 0259 00000328 		.4byte	.LVL37-.Ltext0
 2219 025d 00000334 		.4byte	.LVL38-.Ltext0
 2220 0261 0002     		.2byte	0x2
 2221 0263 30       		.byte	0x30
 2222 0264 9F       		.byte	0x9f
 2223 0265 00000344 		.4byte	.LVL40-.Ltext0
 2224 0269 00000354 		.4byte	.LVL41-.Ltext0
 2225 026d 0001     		.2byte	0x1
 2226 026f 50       		.byte	0x50
 2227 0270 00000000 		.4byte	0
 2228 0274 00000000 		.4byte	0
 2229              	.LLST13:
 2230 0278 0000037C 		.4byte	.LFB65-.Ltext0
 2231 027c 00000384 		.4byte	.LCFI9-.Ltext0
 2232 0280 0002     		.2byte	0x2
 2233 0282 71       		.byte	0x71
 2234 0283 00       		.sleb128 0
 2235 0284 00000384 		.4byte	.LCFI9-.Ltext0
 2236 0288 00000400 		.4byte	.LCFI10-.Ltext0
 2237 028c 0002     		.2byte	0x2
 2238 028e 71       		.byte	0x71
 2239 028f 18       		.sleb128 24
 2240 0290 00000400 		.4byte	.LCFI10-.Ltext0
 2241 0294 00000404 		.4byte	.LFE65-.Ltext0
 2242 0298 0002     		.2byte	0x2
 2243 029a 71       		.byte	0x71
 2244 029b 00       		.sleb128 0
 2245 029c 00000000 		.4byte	0
 2246 02a0 00000000 		.4byte	0
 2247              	.LLST14:
 2248 02a4 0000037C 		.4byte	.LVL43-.Ltext0
 2249 02a8 000003A8 		.4byte	.LVL44-.Ltext0
 2250 02ac 0001     		.2byte	0x1
 2251 02ae 53       		.byte	0x53
 2252 02af 000003A8 		.4byte	.LVL44-.Ltext0
 2253 02b3 000003F0 		.4byte	.LVL48-.Ltext0
 2254 02b7 0001     		.2byte	0x1
 2255 02b9 6D       		.byte	0x6d
 2256 02ba 00000000 		.4byte	0
 2257 02be 00000000 		.4byte	0
 2258              	.LLST15:
 2259 02c2 0000037C 		.4byte	.LVL43-.Ltext0
 2260 02c6 000003AC 		.4byte	.LVL45-.Ltext0
 2261 02ca 0002     		.2byte	0x2
 2262 02cc 30       		.byte	0x30
 2263 02cd 9F       		.byte	0x9f
 2264 02ce 000003BC 		.4byte	.LVL46-.Ltext0
 2265 02d2 000003CC 		.4byte	.LVL47-.Ltext0
 2266 02d6 0001     		.2byte	0x1
 2267 02d8 50       		.byte	0x50
 2268 02d9 00000000 		.4byte	0
 2269 02dd 00000000 		.4byte	0
 2270              	.LLST16:
 2271 02e1 00000404 		.4byte	.LVL49-.Ltext0
 2272 02e5 00000410 		.4byte	.LVL50-.Ltext0
 2273 02e9 0001     		.2byte	0x1
 2274 02eb 53       		.byte	0x53
 2275 02ec 00000410 		.4byte	.LVL50-.Ltext0
 2276 02f0 00000424 		.4byte	.LVL51-.Ltext0
 2277 02f4 0001     		.2byte	0x1
 2278 02f6 59       		.byte	0x59
 2279 02f7 00000000 		.4byte	0
 2280 02fb 00000000 		.4byte	0
 2281              	.LLST17:
 2282 02ff 00000404 		.4byte	.LVL49-.Ltext0
 2283 0303 00000438 		.4byte	.LVL52-.Ltext0
 2284 0307 0001     		.2byte	0x1
 2285 0309 54       		.byte	0x54
 2286 030a 00000000 		.4byte	0
 2287 030e 00000000 		.4byte	0
 2288              	.LLST18:
 2289 0312 00000440 		.4byte	.LVL53-.Ltext0
 2290 0316 00000444 		.4byte	.LVL54-.Ltext0
 2291 031a 0001     		.2byte	0x1
 2292 031c 53       		.byte	0x53
 2293 031d 00000000 		.4byte	0
 2294 0321 00000000 		.4byte	0
 2295              	.LLST19:
 2296 0325 00000448 		.4byte	.LFB70-.Ltext0
 2297 0329 00000450 		.4byte	.LCFI11-.Ltext0
 2298 032d 0002     		.2byte	0x2
 2299 032f 71       		.byte	0x71
 2300 0330 00       		.sleb128 0
 2301 0331 00000450 		.4byte	.LCFI11-.Ltext0
 2302 0335 00000478 		.4byte	.LCFI12-.Ltext0
 2303 0339 0002     		.2byte	0x2
 2304 033b 71       		.byte	0x71
 2305 033c 08       		.sleb128 8
 2306 033d 00000478 		.4byte	.LCFI12-.Ltext0
 2307 0341 00000480 		.4byte	.LFE70-.Ltext0
 2308 0345 0002     		.2byte	0x2
 2309 0347 71       		.byte	0x71
 2310 0348 00       		.sleb128 0
 2311 0349 00000000 		.4byte	0
 2312 034d 00000000 		.4byte	0
 2313              	.LLST20:
 2314 0351 00000448 		.4byte	.LVL55-.Ltext0
 2315 0355 00000468 		.4byte	.LVL56-.Ltext0
 2316 0359 0001     		.2byte	0x1
 2317 035b 53       		.byte	0x53
 2318 035c 00000468 		.4byte	.LVL56-.Ltext0
 2319 0360 0000046F 		.4byte	.LVL57-1-.Ltext0
 2320 0364 0001     		.2byte	0x1
 2321 0366 59       		.byte	0x59
 2322 0367 00000000 		.4byte	0
 2323 036b 00000000 		.4byte	0
 2324              		.section	.debug_aranges,"",@progbits
 2325 0000 0000001C 		.4byte	0x1c
 2326 0004 0002     		.2byte	0x2
 2327 0006 00000000 		.4byte	.Ldebug_info0
 2328 000a 04       		.byte	0x4
 2329 000b 00       		.byte	0
 2330 000c 0000     		.2byte	0
 2331 000e 0000     		.2byte	0
 2332 0010 00000000 		.4byte	.Ltext0
 2333 0014 00000480 		.4byte	.Letext0-.Ltext0
 2334 0018 00000000 		.4byte	0
 2335 001c 00000000 		.4byte	0
 2336              		.section	.debug_ranges,"",@progbits
 2337              	.Ldebug_ranges0:
 2338 0000 00000034 		.4byte	.LBB3-.Ltext0
 2339 0004 00000038 		.4byte	.LBE3-.Ltext0
 2340 0008 0000005C 		.4byte	.LBB21-.Ltext0
 2341 000c 00000078 		.4byte	.LBE21-.Ltext0
 2342 0010 000000A4 		.4byte	.LBB22-.Ltext0
 2343 0014 000000C4 		.4byte	.LBE22-.Ltext0
 2344 0018 000000C8 		.4byte	.LBB23-.Ltext0
 2345 001c 000000CC 		.4byte	.LBE23-.Ltext0
 2346 0020 000000F4 		.4byte	.LBB24-.Ltext0
 2347 0024 000002E8 		.4byte	.LBE24-.Ltext0
 2348 0028 00000314 		.4byte	.LBB25-.Ltext0
 2349 002c 0000037C 		.4byte	.LBE25-.Ltext0
 2350 0030 00000000 		.4byte	0
 2351 0034 00000000 		.4byte	0
 2352 0038 0000017C 		.4byte	.LBB6-.Ltext0
 2353 003c 000002E0 		.4byte	.LBE6-.Ltext0
 2354 0040 00000328 		.4byte	.LBB17-.Ltext0
 2355 0044 0000037C 		.4byte	.LBE17-.Ltext0
 2356 0048 00000000 		.4byte	0
 2357 004c 00000000 		.4byte	0
 2358 0050 00000394 		.4byte	.LBB27-.Ltext0
 2359 0054 0000039C 		.4byte	.LBE27-.Ltext0
 2360 0058 000003A0 		.4byte	.LBB28-.Ltext0
 2361 005c 000003D4 		.4byte	.LBE28-.Ltext0
 2362 0060 00000000 		.4byte	0
 2363 0064 00000000 		.4byte	0
 2364              		.section	.debug_line,"",@progbits
 2365              	.Ldebug_line0:
 2366 0000 0000028F 		.section	.debug_str,"MS",@progbits,1
 2366      00020000 
 2366      01370401 
 2366      FB0E0D00 
 2366      01010101 
 2367              	.LASF53:
 2368 0000 77675069 		.string	"wgPipe"
 2368      706500
 2369              	.LASF46:
 2370 0007 643A2F50 		.string	"d:/Projects/SaveGameManager/savegame-manager-gx/trunk/source/Network/URL_List.cpp"
 2370      726F6A65 
 2370      6374732F 
 2370      53617665 
 2370      47616D65 
 2371              	.LASF24:
 2372 0059 57475069 		.string	"WGPipe"
 2372      706500
 2373              	.LASF48:
 2374 0060 5F776770 		.string	"_wgpipe"
 2374      69706500 
 2375              	.LASF28:
 2376 0068 4C696E6B 		.string	"Link_Info"
 2376      5F496E66 
 2376      6F00
 2377              	.LASF10:
 2378 0072 696E7438 		.string	"int8_t"
 2378      5F7400
 2379              	.LASF50:
 2380 0079 394C696E 		.string	"9Link_Info"
 2380      6B5F496E 
 2380      666F00
 2381              	.LASF41:
 2382 0084 74656D70 		.string	"temp"
 2382      00
 2383              	.LASF4:
 2384 0089 73686F72 		.string	"short int"
 2384      7420696E 
 2384      7400
 2385              	.LASF45:
 2386 0093 474E5520 		.string	"GNU C++ 4.6.3"
 2386      432B2B20 
 2386      342E362E 
 2386      3300
 2387              	.LASF40:
 2388 00a1 66696C65 		.string	"file"
 2388      00
 2389              	.LASF27:
 2390 00a6 64697265 		.string	"direct"
 2390      637400
 2391              	.LASF30:
 2392 00ad 4C696E6B 		.string	"Links"
 2392      7300
 2393              	.LASF47:
 2394 00b3 643A5C5C 		.string	"d:\\\\Projects\\\\SaveGameManager\\\\savegame-manager-gx\\\\trunk\\\\build"
 2394      50726F6A 
 2394      65637473 
 2394      5C5C5361 
 2394      76654761 
 2395              	.LASF11:
 2396 00f4 75696E74 		.string	"uint8_t"
 2396      385F7400 
 2397              	.LASF51:
 2398 00fc 5F5A4E38 		.string	"_ZN8URL_List8SortListEv"
 2398      55524C5F 
 2398      4C697374 
 2398      38536F72 
 2398      744C6973 
 2399              	.LASF23:
 2400 0114 626F6F6C 		.string	"bool"
 2400      00
 2401              	.LASF20:
 2402 0119 666C6F61 		.string	"float"
 2402      7400
 2403              	.LASF5:
 2404 011f 6C6F6E67 		.string	"long long int"
 2404      206C6F6E 
 2404      6720696E 
 2404      7400
 2405              	.LASF9:
 2406 012d 6C6F6E67 		.string	"long int"
 2406      20696E74 
 2406      00
 2407              	.LASF31:
 2408 0136 55524C5F 		.string	"URL_List"
 2408      4C697374 
 2408      00
 2409              	.LASF38:
 2410 013f 5F5A4E38 		.string	"_ZN8URL_List11GetURLCountEv"
 2410      55524C5F 
 2410      4C697374 
 2410      31314765 
 2410      7455524C 
 2411              	.LASF39:
 2412 015b 536F7274 		.string	"SortList"
 2412      4C697374 
 2412      00
 2413              	.LASF1:
 2414 0164 756E7369 		.string	"unsigned char"
 2414      676E6564 
 2414      20636861 
 2414      7200
 2415              	.LASF16:
 2416 0172 76753136 		.string	"vu16"
 2416      00
 2417              	.LASF3:
 2418 0177 7369676E 		.string	"signed char"
 2418      65642063 
 2418      68617200 
 2419              	.LASF6:
 2420 0183 6C6F6E67 		.string	"long long unsigned int"
 2420      206C6F6E 
 2420      6720756E 
 2420      7369676E 
 2420      65642069 
 2421              	.LASF15:
 2422 019a 75696E74 		.string	"uint32_t"
 2422      33325F74 
 2422      00
 2423              	.LASF0:
 2424 01a3 756E7369 		.string	"unsigned int"
 2424      676E6564 
 2424      20696E74 
 2424      00
 2425              	.LASF13:
 2426 01b0 75696E74 		.string	"uint16_t"
 2426      31365F74 
 2426      00
 2427              	.LASF34:
 2428 01b9 49734469 		.string	"IsDirectURL"
 2428      72656374 
 2428      55524C00 
 2429              	.LASF35:
 2430 01c5 5F5A4E38 		.string	"_ZN8URL_List6GetURLEi"
 2430      55524C5F 
 2430      4C697374 
 2430      36476574 
 2430      55524C45 
 2431              	.LASF17:
 2432 01db 76753332 		.string	"vu32"
 2432      00
 2433              	.LASF8:
 2434 01e0 63686172 		.string	"char"
 2434      00
 2435              	.LASF14:
 2436 01e5 696E7433 		.string	"int32_t"
 2436      325F7400 
 2437              	.LASF33:
 2438 01ed 47657455 		.string	"GetURL"
 2438      524C00
 2439              	.LASF2:
 2440 01f4 73686F72 		.string	"short unsigned int"
 2440      7420756E 
 2440      7369676E 
 2440      65642069 
 2440      6E7400
 2441              	.LASF44:
 2442 0207 5F5F696E 		.string	"__in_chrg"
 2442      5F636872 
 2442      6700
 2443              	.LASF12:
 2444 0211 696E7431 		.string	"int16_t"
 2444      365F7400 
 2445              	.LASF43:
 2446 0219 74686973 		.string	"this"
 2446      00
 2447              	.LASF26:
 2448 021e 64617461 		.string	"data"
 2448      00
 2449              	.LASF37:
 2450 0223 47657455 		.string	"GetURLCount"
 2450      524C436F 
 2450      756E7400 
 2451              	.LASF7:
 2452 022f 6C6F6E67 		.string	"long unsigned int"
 2452      20756E73 
 2452      69676E65 
 2452      6420696E 
 2452      7400
 2453              	.LASF42:
 2454 0241 636E7432 		.string	"cnt2"
 2454      00
 2455              	.LASF22:
 2456 0246 76663332 		.string	"vf32"
 2456      00
 2457              	.LASF18:
 2458 024b 76733136 		.string	"vs16"
 2458      00
 2459              	.LASF25:
 2460 0250 73697A65 		.string	"size"
 2460      00
 2461              	.LASF19:
 2462 0255 76733332 		.string	"vs32"
 2462      00
 2463              	.LASF49:
 2464 025a 626C6F63 		.string	"block"
 2464      6B00
 2465              	.LASF32:
 2466 0260 7E55524C 		.string	"~URL_List"
 2466      5F4C6973 
 2466      7400
 2467              	.LASF29:
 2468 026a 75726C63 		.string	"urlcount"
 2468      6F756E74 
 2468      00
 2469              	.LASF36:
 2470 0273 5F5A4E38 		.string	"_ZN8URL_List11IsDirectURLEi"
 2470      55524C5F 
 2470      4C697374 
 2470      31314973 
 2470      44697265 
 2471              	.LASF21:
 2472 028f 646F7562 		.string	"double"
 2472      6C6500
 2473              	.LASF52:
 2474 0296 4C697374 		.string	"ListCompare"
 2474      436F6D70 
 2474      61726500 
 2475              		.ident	"GCC: (devkitPPC release 26) 4.6.3"
 2476              		.gnu_attribute 12, 1
